{"/home/backtolife/git.workspace/node.workspace/netease-cloud-music-api/src/common/http/crypto.ts": {"path":"/home/backtolife/git.workspace/node.workspace/netease-cloud-music-api/src/common/http/crypto.ts","all":false,"statementMap":{"0":{"start":{"line":1,"column":0},"end":{"line":1,"column":63}},"1":{"start":{"line":2,"column":0},"end":{"line":2,"column":0}},"2":{"start":{"line":3,"column":0},"end":{"line":3,"column":3}},"3":{"start":{"line":4,"column":0},"end":{"line":4,"column":87}},"4":{"start":{"line":5,"column":0},"end":{"line":5,"column":3}},"5":{"start":{"line":6,"column":0},"end":{"line":6,"column":49}},"6":{"start":{"line":7,"column":0},"end":{"line":7,"column":56}},"7":{"start":{"line":8,"column":0},"end":{"line":8,"column":58}},"8":{"start":{"line":9,"column":0},"end":{"line":9,"column":86}},"9":{"start":{"line":10,"column":0},"end":{"line":10,"column":24}},"10":{"start":{"line":11,"column":0},"end":{"line":11,"column":274}},"11":{"start":{"line":12,"column":0},"end":{"line":12,"column":41}},"12":{"start":{"line":13,"column":0},"end":{"line":13,"column":0}},"13":{"start":{"line":14,"column":0},"end":{"line":14,"column":28}},"14":{"start":{"line":15,"column":0},"end":{"line":15,"column":9}},"15":{"start":{"line":16,"column":0},"end":{"line":16,"column":7}},"16":{"start":{"line":17,"column":0},"end":{"line":17,"column":6}},"17":{"start":{"line":18,"column":0},"end":{"line":18,"column":5}},"18":{"start":{"line":19,"column":0},"end":{"line":19,"column":4}},"19":{"start":{"line":20,"column":0},"end":{"line":20,"column":16}},"20":{"start":{"line":21,"column":0},"end":{"line":21,"column":23}},"21":{"start":{"line":22,"column":0},"end":{"line":22,"column":27}},"22":{"start":{"line":23,"column":0},"end":{"line":23,"column":14}},"23":{"start":{"line":24,"column":0},"end":{"line":24,"column":7}},"24":{"start":{"line":25,"column":0},"end":{"line":25,"column":66}},"25":{"start":{"line":26,"column":0},"end":{"line":26,"column":63}},"26":{"start":{"line":27,"column":0},"end":{"line":27,"column":1}},"27":{"start":{"line":28,"column":0},"end":{"line":28,"column":0}},"28":{"start":{"line":29,"column":0},"end":{"line":29,"column":86}},"29":{"start":{"line":30,"column":0},"end":{"line":30,"column":30}},"30":{"start":{"line":31,"column":0},"end":{"line":31,"column":54}},"31":{"start":{"line":32,"column":0},"end":{"line":32,"column":62}},"32":{"start":{"line":33,"column":0},"end":{"line":33,"column":3}},"33":{"start":{"line":34,"column":0},"end":{"line":34,"column":1}},"34":{"start":{"line":35,"column":0},"end":{"line":35,"column":0}},"35":{"start":{"line":36,"column":0},"end":{"line":36,"column":52}},"36":{"start":{"line":37,"column":0},"end":{"line":37,"column":37}},"37":{"start":{"line":38,"column":0},"end":{"line":38,"column":90}},"38":{"start":{"line":39,"column":0},"end":{"line":39,"column":10}},"39":{"start":{"line":40,"column":0},"end":{"line":40,"column":24}},"40":{"start":{"line":41,"column":0},"end":{"line":41,"column":26}},"41":{"start":{"line":42,"column":0},"end":{"line":42,"column":92}},"42":{"start":{"line":43,"column":0},"end":{"line":43,"column":18}},"43":{"start":{"line":44,"column":0},"end":{"line":44,"column":9}},"44":{"start":{"line":45,"column":0},"end":{"line":45,"column":8}},"45":{"start":{"line":46,"column":0},"end":{"line":46,"column":18}},"46":{"start":{"line":47,"column":0},"end":{"line":47,"column":21}},"47":{"start":{"line":48,"column":0},"end":{"line":48,"column":9}},"48":{"start":{"line":49,"column":0},"end":{"line":49,"column":26}},"49":{"start":{"line":50,"column":0},"end":{"line":50,"column":91}},"50":{"start":{"line":51,"column":0},"end":{"line":51,"column":3}},"51":{"start":{"line":52,"column":0},"end":{"line":52,"column":1}},"52":{"start":{"line":53,"column":0},"end":{"line":53,"column":0}},"53":{"start":{"line":54,"column":0},"end":{"line":54,"column":55}},"54":{"start":{"line":55,"column":0},"end":{"line":55,"column":37}},"55":{"start":{"line":56,"column":0},"end":{"line":56,"column":10}},"56":{"start":{"line":57,"column":0},"end":{"line":57,"column":25}},"57":{"start":{"line":58,"column":0},"end":{"line":58,"column":32}},"58":{"start":{"line":59,"column":0},"end":{"line":59,"column":18}},"59":{"start":{"line":60,"column":0},"end":{"line":60,"column":23}},"60":{"start":{"line":61,"column":0},"end":{"line":61,"column":13}},"61":{"start":{"line":62,"column":0},"end":{"line":62,"column":6}},"62":{"start":{"line":63,"column":0},"end":{"line":63,"column":22}},"63":{"start":{"line":64,"column":0},"end":{"line":64,"column":21}},"64":{"start":{"line":65,"column":0},"end":{"line":65,"column":3}},"65":{"start":{"line":66,"column":0},"end":{"line":66,"column":1}},"66":{"start":{"line":67,"column":0},"end":{"line":67,"column":0}},"67":{"start":{"line":68,"column":0},"end":{"line":68,"column":73}},"68":{"start":{"line":69,"column":0},"end":{"line":69,"column":75}},"69":{"start":{"line":70,"column":0},"end":{"line":70,"column":55}},"70":{"start":{"line":71,"column":0},"end":{"line":71,"column":71}},"71":{"start":{"line":72,"column":0},"end":{"line":72,"column":65}},"72":{"start":{"line":73,"column":0},"end":{"line":73,"column":10}},"73":{"start":{"line":74,"column":0},"end":{"line":74,"column":88}},"74":{"start":{"line":75,"column":0},"end":{"line":75,"column":22}},"75":{"start":{"line":76,"column":0},"end":{"line":76,"column":21}},"76":{"start":{"line":77,"column":0},"end":{"line":77,"column":3}},"77":{"start":{"line":78,"column":0},"end":{"line":78,"column":1}},"78":{"start":{"line":79,"column":0},"end":{"line":79,"column":0}},"79":{"start":{"line":80,"column":0},"end":{"line":80,"column":54}},"80":{"start":{"line":81,"column":0},"end":{"line":81,"column":70}},"81":{"start":{"line":82,"column":0},"end":{"line":82,"column":73}},"82":{"start":{"line":83,"column":0},"end":{"line":83,"column":1}}},"s":{"0":1,"1":1,"2":1,"3":1,"4":1,"5":1,"6":1,"7":1,"8":1,"9":1,"10":1,"11":83,"12":83,"13":83,"14":83,"15":1,"16":83,"17":83,"18":83,"19":83,"20":83,"21":2,"22":2,"23":1,"24":1,"25":1,"26":0,"27":0,"28":1,"29":1,"30":1,"31":1,"32":1,"33":1,"34":1,"35":1,"36":1,"37":1,"38":1,"39":1,"40":1,"41":1,"42":1,"43":1,"44":1,"45":1,"46":1,"47":1,"48":1,"49":1,"50":0,"51":0,"52":0,"53":1,"54":1,"55":1,"56":1,"57":1,"58":1,"59":1,"60":1,"61":1,"62":1,"63":1,"64":1,"65":1,"66":1,"67":1,"68":1,"69":1,"70":1,"71":1,"72":1,"73":1,"74":2,"75":2,"76":2,"77":2,"78":2,"79":2,"80":1,"81":1,"82":1},"branchMap":{"0":{"type":"branch","line":1,"loc":{"start":{"line":1,"column":0},"end":{"line":83,"column":1}},"locations":[{"start":{"line":1,"column":0},"end":{"line":83,"column":1}}]},"1":{"type":"branch","line":1,"loc":{"start":{"line":1,"column":0},"end":{"line":83,"column":1}},"locations":[{"start":{"line":1,"column":0},"end":{"line":83,"column":1}}]},"2":{"type":"branch","line":40,"loc":{"start":{"line":40,"column":15},"end":{"line":40,"column":18}},"locations":[{"start":{"line":40,"column":15},"end":{"line":40,"column":18}}]},"3":{"type":"branch","line":8,"loc":{"start":{"line":8,"column":24},"end":{"line":9,"column":25}},"locations":[{"start":{"line":8,"column":24},"end":{"line":9,"column":25}}]},"4":{"type":"branch","line":9,"loc":{"start":{"line":9,"column":42},"end":{"line":11,"column":41}},"locations":[{"start":{"line":9,"column":42},"end":{"line":11,"column":41}}]},"5":{"type":"branch","line":10,"loc":{"start":{"line":10,"column":2},"end":{"line":11,"column":39}},"locations":[{"start":{"line":10,"column":2},"end":{"line":11,"column":39}}]},"6":{"type":"branch","line":11,"loc":{"start":{"line":11,"column":60},"end":{"line":24,"column":1}},"locations":[{"start":{"line":11,"column":60},"end":{"line":24,"column":1}}]},"7":{"type":"branch","line":11,"loc":{"start":{"line":11,"column":147},"end":{"line":11,"column":179}},"locations":[{"start":{"line":11,"column":147},"end":{"line":11,"column":179}}]},"8":{"type":"branch","line":11,"loc":{"start":{"line":11,"column":237},"end":{"line":22,"column":21}},"locations":[{"start":{"line":11,"column":237},"end":{"line":22,"column":21}}]},"9":{"type":"branch","line":12,"loc":{"start":{"line":12,"column":14},"end":{"line":12,"column":34}},"locations":[{"start":{"line":12,"column":14},"end":{"line":12,"column":34}}]},"10":{"type":"branch","line":15,"loc":{"start":{"line":15,"column":3},"end":{"line":17,"column":3}},"locations":[{"start":{"line":15,"column":3},"end":{"line":17,"column":3}}]},"11":{"type":"branch","line":25,"loc":{"start":{"line":25,"column":9},"end":{"line":31,"column":45}},"locations":[{"start":{"line":25,"column":9},"end":{"line":31,"column":45}}]},"12":{"type":"branch","line":27,"loc":{"start":{"line":27,"column":0},"end":{"line":29,"column":1}},"locations":[{"start":{"line":27,"column":0},"end":{"line":29,"column":1}}]},"13":{"type":"branch","line":29,"loc":{"start":{"line":29,"column":59},"end":{"line":30,"column":22}},"locations":[{"start":{"line":29,"column":59},"end":{"line":30,"column":22}}]},"14":{"type":"branch","line":32,"loc":{"start":{"line":32,"column":28},"end":{"line":38,"column":52}},"locations":[{"start":{"line":32,"column":28},"end":{"line":38,"column":52}}]},"15":{"type":"branch","line":32,"loc":{"start":{"line":32,"column":50},"end":{"line":38,"column":49}},"locations":[{"start":{"line":32,"column":50},"end":{"line":38,"column":49}}]},"16":{"type":"branch","line":54,"loc":{"start":{"line":54,"column":18},"end":{"line":54,"column":29}},"locations":[{"start":{"line":54,"column":18},"end":{"line":54,"column":29}}]},"17":{"type":"branch","line":74,"loc":{"start":{"line":74,"column":23},"end":{"line":81,"column":23}},"locations":[{"start":{"line":74,"column":23},"end":{"line":81,"column":23}}]},"18":{"type":"branch","line":81,"loc":{"start":{"line":81,"column":44},"end":{"line":83,"column":1}},"locations":[{"start":{"line":81,"column":44},"end":{"line":83,"column":1}}]}},"b":{"0":[1],"1":[1],"2":[0],"3":[2],"4":[1],"5":[12],"6":[2],"7":[0],"8":[83],"9":[71],"10":[1],"11":[1],"12":[0],"13":[0],"14":[1],"15":[1],"16":[1],"17":[2],"18":[1]},"fnMap":{"0":{"name":"Object.<anonymous>","decl":{"start":{"line":1,"column":0},"end":{"line":83,"column":1}},"loc":{"start":{"line":1,"column":0},"end":{"line":83,"column":1}},"line":1},"1":{"name":"__markAsModule","decl":{"start":{"line":8,"column":24},"end":{"line":9,"column":25}},"loc":{"start":{"line":8,"column":24},"end":{"line":9,"column":25}},"line":8},"2":{"name":"__export","decl":{"start":{"line":9,"column":42},"end":{"line":11,"column":41}},"loc":{"start":{"line":9,"column":42},"end":{"line":11,"column":41}},"line":9},"3":{"name":"__reExport","decl":{"start":{"line":11,"column":60},"end":{"line":24,"column":1}},"loc":{"start":{"line":11,"column":60},"end":{"line":24,"column":1}},"line":11},"4":{"name":"get","decl":{"start":{"line":15,"column":3},"end":{"line":17,"column":3}},"loc":{"start":{"line":15,"column":3},"end":{"line":17,"column":3}},"line":15},"5":{"name":"__toESM","decl":{"start":{"line":25,"column":9},"end":{"line":31,"column":45}},"loc":{"start":{"line":25,"column":9},"end":{"line":31,"column":45}},"line":25},"6":{"name":"get","decl":{"start":{"line":29,"column":68},"end":{"line":30,"column":2}},"loc":{"start":{"line":29,"column":68},"end":{"line":30,"column":2}},"line":29},"7":{"name":"aesEncrypt","decl":{"start":{"line":42,"column":33},"end":{"line":42,"column":49}},"loc":{"start":{"line":42,"column":33},"end":{"line":42,"column":49}},"line":42},"8":{"name":"base62","decl":{"start":{"line":42,"column":61},"end":{"line":42,"column":73}},"loc":{"start":{"line":42,"column":61},"end":{"line":42,"column":73}},"line":42},"9":{"name":"decrypt","decl":{"start":{"line":42,"column":86},"end":{"line":43,"column":6}},"loc":{"start":{"line":42,"column":86},"end":{"line":43,"column":6}},"line":42},"10":{"name":"eapi","decl":{"start":{"line":43,"column":16},"end":{"line":44,"column":7}},"loc":{"start":{"line":43,"column":16},"end":{"line":44,"column":7}},"line":43},"11":{"name":"eapiKey","decl":{"start":{"line":46,"column":1},"end":{"line":46,"column":14}},"loc":{"start":{"line":46,"column":1},"end":{"line":46,"column":14}},"line":46},"12":{"name":"iv","decl":{"start":{"line":47,"column":3},"end":{"line":47,"column":11}},"loc":{"start":{"line":47,"column":3},"end":{"line":47,"column":11}},"line":47},"13":{"name":"linuxapi","decl":{"start":{"line":48,"column":3},"end":{"line":49,"column":7}},"loc":{"start":{"line":48,"column":3},"end":{"line":49,"column":7}},"line":48},"14":{"name":"linuxapiKey","decl":{"start":{"line":49,"column":24},"end":{"line":50,"column":14}},"loc":{"start":{"line":49,"column":24},"end":{"line":50,"column":14}},"line":49},"15":{"name":"presetKey","decl":{"start":{"line":50,"column":29},"end":{"line":50,"column":44}},"loc":{"start":{"line":50,"column":29},"end":{"line":50,"column":44}},"line":50},"16":{"name":"publicKey","decl":{"start":{"line":50,"column":59},"end":{"line":50,"column":74}},"loc":{"start":{"line":50,"column":59},"end":{"line":50,"column":74}},"line":50},"17":{"name":"rsaEncrypt","decl":{"start":{"line":50,"column":90},"end":{"line":54,"column":7}},"loc":{"start":{"line":50,"column":90},"end":{"line":54,"column":7}},"line":50},"18":{"name":"weapi","decl":{"start":{"line":54,"column":18},"end":{"line":54,"column":29}},"loc":{"start":{"line":54,"column":18},"end":{"line":54,"column":29}},"line":54},"19":{"name":"aesEncrypt","decl":{"start":{"line":74,"column":23},"end":{"line":81,"column":23}},"loc":{"start":{"line":74,"column":23},"end":{"line":81,"column":23}},"line":74},"20":{"name":"rsaEncrypt","decl":{"start":{"line":81,"column":44},"end":{"line":83,"column":1}},"loc":{"start":{"line":81,"column":44},"end":{"line":83,"column":1}},"line":81}},"f":{"0":1,"1":2,"2":1,"3":2,"4":1,"5":1,"6":0,"7":0,"8":0,"9":0,"10":0,"11":0,"12":0,"13":0,"14":0,"15":0,"16":0,"17":0,"18":1,"19":2,"20":1}}
,"/home/backtolife/git.workspace/node.workspace/netease-cloud-music-api/src/common/http/request.ts": {"path":"/home/backtolife/git.workspace/node.workspace/netease-cloud-music-api/src/common/http/request.ts","all":false,"statementMap":{"0":{"start":{"line":1,"column":0},"end":{"line":1,"column":32}},"1":{"start":{"line":2,"column":0},"end":{"line":2,"column":48}},"2":{"start":{"line":3,"column":0},"end":{"line":3,"column":25}},"3":{"start":{"line":4,"column":0},"end":{"line":4,"column":0}},"4":{"start":{"line":5,"column":0},"end":{"line":5,"column":33}},"5":{"start":{"line":6,"column":0},"end":{"line":6,"column":15}},"6":{"start":{"line":7,"column":0},"end":{"line":7,"column":21}},"7":{"start":{"line":8,"column":0},"end":{"line":8,"column":22}},"8":{"start":{"line":9,"column":0},"end":{"line":9,"column":16}},"9":{"start":{"line":10,"column":0},"end":{"line":10,"column":9}},"10":{"start":{"line":11,"column":0},"end":{"line":11,"column":14}},"11":{"start":{"line":12,"column":0},"end":{"line":12,"column":49}},"12":{"start":{"line":13,"column":0},"end":{"line":13,"column":19}},"13":{"start":{"line":14,"column":0},"end":{"line":14,"column":27}},"14":{"start":{"line":15,"column":0},"end":{"line":15,"column":0}},"15":{"start":{"line":16,"column":0},"end":{"line":16,"column":35}},"16":{"start":{"line":17,"column":0},"end":{"line":17,"column":64}},"17":{"start":{"line":18,"column":0},"end":{"line":18,"column":0}},"18":{"start":{"line":19,"column":0},"end":{"line":19,"column":32}},"19":{"start":{"line":20,"column":0},"end":{"line":20,"column":13}},"20":{"start":{"line":21,"column":0},"end":{"line":21,"column":14}},"21":{"start":{"line":22,"column":0},"end":{"line":22,"column":17}},"22":{"start":{"line":23,"column":0},"end":{"line":23,"column":1}},"23":{"start":{"line":24,"column":0},"end":{"line":24,"column":25}},"24":{"start":{"line":25,"column":0},"end":{"line":25,"column":5}},"25":{"start":{"line":26,"column":0},"end":{"line":26,"column":9}},"26":{"start":{"line":27,"column":0},"end":{"line":27,"column":5}},"27":{"start":{"line":28,"column":0},"end":{"line":28,"column":16}},"28":{"start":{"line":29,"column":0},"end":{"line":29,"column":5}},"29":{"start":{"line":30,"column":0},"end":{"line":30,"column":85}},"30":{"start":{"line":31,"column":0},"end":{"line":31,"column":5}},"31":{"start":{"line":32,"column":0},"end":{"line":32,"column":19}},"32":{"start":{"line":33,"column":0},"end":{"line":33,"column":5}},"33":{"start":{"line":34,"column":0},"end":{"line":34,"column":10}},"34":{"start":{"line":35,"column":0},"end":{"line":35,"column":5}},"35":{"start":{"line":36,"column":0},"end":{"line":36,"column":17}},"36":{"start":{"line":37,"column":0},"end":{"line":37,"column":5}},"37":{"start":{"line":38,"column":0},"end":{"line":38,"column":8}},"38":{"start":{"line":39,"column":0},"end":{"line":39,"column":5}},"39":{"start":{"line":40,"column":0},"end":{"line":40,"column":22}},"40":{"start":{"line":41,"column":0},"end":{"line":41,"column":5}},"41":{"start":{"line":42,"column":0},"end":{"line":42,"column":12}},"42":{"start":{"line":43,"column":0},"end":{"line":43,"column":5}},"43":{"start":{"line":44,"column":0},"end":{"line":44,"column":21}},"44":{"start":{"line":45,"column":0},"end":{"line":45,"column":19}},"45":{"start":{"line":46,"column":0},"end":{"line":46,"column":5}},"46":{"start":{"line":47,"column":0},"end":{"line":47,"column":10}},"47":{"start":{"line":48,"column":0},"end":{"line":48,"column":5}},"48":{"start":{"line":49,"column":0},"end":{"line":49,"column":21}},"49":{"start":{"line":50,"column":0},"end":{"line":50,"column":13}},"50":{"start":{"line":51,"column":0},"end":{"line":51,"column":18}},"51":{"start":{"line":52,"column":0},"end":{"line":52,"column":17}},"52":{"start":{"line":53,"column":0},"end":{"line":53,"column":20}},"53":{"start":{"line":54,"column":0},"end":{"line":54,"column":1}},"54":{"start":{"line":55,"column":0},"end":{"line":55,"column":0}},"55":{"start":{"line":56,"column":0},"end":{"line":56,"column":33}},"56":{"start":{"line":57,"column":0},"end":{"line":57,"column":20}},"57":{"start":{"line":58,"column":0},"end":{"line":58,"column":28}},"58":{"start":{"line":59,"column":0},"end":{"line":59,"column":17}},"59":{"start":{"line":60,"column":0},"end":{"line":60,"column":16}},"60":{"start":{"line":61,"column":0},"end":{"line":61,"column":39}},"61":{"start":{"line":62,"column":0},"end":{"line":62,"column":14}},"62":{"start":{"line":63,"column":0},"end":{"line":63,"column":16}},"63":{"start":{"line":64,"column":0},"end":{"line":64,"column":1}},"64":{"start":{"line":65,"column":0},"end":{"line":65,"column":0}},"65":{"start":{"line":66,"column":0},"end":{"line":66,"column":54}},"66":{"start":{"line":67,"column":0},"end":{"line":67,"column":53}},"67":{"start":{"line":68,"column":0},"end":{"line":68,"column":16}},"68":{"start":{"line":69,"column":0},"end":{"line":69,"column":9}},"69":{"start":{"line":70,"column":0},"end":{"line":70,"column":18}},"70":{"start":{"line":71,"column":0},"end":{"line":71,"column":1}},"71":{"start":{"line":72,"column":0},"end":{"line":72,"column":36}},"72":{"start":{"line":73,"column":0},"end":{"line":73,"column":16}},"73":{"start":{"line":74,"column":0},"end":{"line":74,"column":13}},"74":{"start":{"line":75,"column":0},"end":{"line":75,"column":11}},"75":{"start":{"line":76,"column":0},"end":{"line":76,"column":25}},"76":{"start":{"line":77,"column":0},"end":{"line":77,"column":1}},"77":{"start":{"line":78,"column":0},"end":{"line":78,"column":3}},"78":{"start":{"line":79,"column":0},"end":{"line":79,"column":89}},"79":{"start":{"line":80,"column":0},"end":{"line":80,"column":3}},"80":{"start":{"line":81,"column":0},"end":{"line":81,"column":65}},"81":{"start":{"line":82,"column":0},"end":{"line":82,"column":9}},"82":{"start":{"line":83,"column":0},"end":{"line":83,"column":6}},"83":{"start":{"line":84,"column":0},"end":{"line":84,"column":7}},"84":{"start":{"line":85,"column":0},"end":{"line":85,"column":10}},"85":{"start":{"line":86,"column":0},"end":{"line":86,"column":26}},"86":{"start":{"line":87,"column":0},"end":{"line":87,"column":54}},"87":{"start":{"line":88,"column":0},"end":{"line":88,"column":56}},"88":{"start":{"line":89,"column":0},"end":{"line":89,"column":7}},"89":{"start":{"line":90,"column":0},"end":{"line":90,"column":71}},"90":{"start":{"line":91,"column":0},"end":{"line":91,"column":80}},"91":{"start":{"line":92,"column":0},"end":{"line":92,"column":76}},"92":{"start":{"line":93,"column":0},"end":{"line":93,"column":71}},"93":{"start":{"line":94,"column":0},"end":{"line":94,"column":70}},"94":{"start":{"line":95,"column":0},"end":{"line":95,"column":73}},"95":{"start":{"line":96,"column":0},"end":{"line":96,"column":7}},"96":{"start":{"line":97,"column":0},"end":{"line":97,"column":42}},"97":{"start":{"line":98,"column":0},"end":{"line":98,"column":43}},"98":{"start":{"line":99,"column":0},"end":{"line":99,"column":5}},"99":{"start":{"line":100,"column":0},"end":{"line":100,"column":0}},"100":{"start":{"line":101,"column":0},"end":{"line":101,"column":28}},"101":{"start":{"line":102,"column":0},"end":{"line":102,"column":67}},"102":{"start":{"line":103,"column":0},"end":{"line":103,"column":5}},"103":{"start":{"line":104,"column":0},"end":{"line":104,"column":40}},"104":{"start":{"line":105,"column":0},"end":{"line":105,"column":47}},"105":{"start":{"line":106,"column":0},"end":{"line":106,"column":5}},"106":{"start":{"line":107,"column":0},"end":{"line":107,"column":44}},"107":{"start":{"line":108,"column":0},"end":{"line":108,"column":25}},"108":{"start":{"line":109,"column":0},"end":{"line":109,"column":43}},"109":{"start":{"line":110,"column":0},"end":{"line":110,"column":5}},"110":{"start":{"line":111,"column":0},"end":{"line":111,"column":0}},"111":{"start":{"line":112,"column":0},"end":{"line":112,"column":60}},"112":{"start":{"line":113,"column":0},"end":{"line":113,"column":42}},"113":{"start":{"line":114,"column":0},"end":{"line":114,"column":86}},"114":{"start":{"line":115,"column":0},"end":{"line":115,"column":19}},"115":{"start":{"line":116,"column":0},"end":{"line":116,"column":32}},"116":{"start":{"line":117,"column":0},"end":{"line":117,"column":29}},"117":{"start":{"line":118,"column":0},"end":{"line":118,"column":5}},"118":{"start":{"line":119,"column":0},"end":{"line":119,"column":26}},"119":{"start":{"line":120,"column":0},"end":{"line":120,"column":34}},"120":{"start":{"line":121,"column":0},"end":{"line":121,"column":5}},"121":{"start":{"line":122,"column":0},"end":{"line":122,"column":0}},"122":{"start":{"line":123,"column":0},"end":{"line":123,"column":44}},"123":{"start":{"line":124,"column":0},"end":{"line":124,"column":21}},"124":{"start":{"line":125,"column":0},"end":{"line":125,"column":21}},"125":{"start":{"line":126,"column":0},"end":{"line":126,"column":72}},"126":{"start":{"line":127,"column":0},"end":{"line":127,"column":55}},"127":{"start":{"line":128,"column":0},"end":{"line":128,"column":34}},"128":{"start":{"line":129,"column":0},"end":{"line":129,"column":44}},"129":{"start":{"line":130,"column":0},"end":{"line":130,"column":0}},"130":{"start":{"line":131,"column":0},"end":{"line":131,"column":13}},"131":{"start":{"line":132,"column":0},"end":{"line":132,"column":7}},"132":{"start":{"line":133,"column":0},"end":{"line":133,"column":24}},"133":{"start":{"line":134,"column":0},"end":{"line":134,"column":33}},"134":{"start":{"line":135,"column":0},"end":{"line":135,"column":25}},"135":{"start":{"line":136,"column":0},"end":{"line":136,"column":44}},"136":{"start":{"line":137,"column":0},"end":{"line":137,"column":23}},"137":{"start":{"line":138,"column":0},"end":{"line":138,"column":10}},"138":{"start":{"line":139,"column":0},"end":{"line":139,"column":31}},"139":{"start":{"line":140,"column":0},"end":{"line":140,"column":116}},"140":{"start":{"line":141,"column":0},"end":{"line":141,"column":55}},"141":{"start":{"line":142,"column":0},"end":{"line":142,"column":0}},"142":{"start":{"line":143,"column":0},"end":{"line":143,"column":13}},"143":{"start":{"line":144,"column":0},"end":{"line":144,"column":7}},"144":{"start":{"line":145,"column":0},"end":{"line":145,"column":20}},"145":{"start":{"line":146,"column":0},"end":{"line":146,"column":64}},"146":{"start":{"line":147,"column":0},"end":{"line":147,"column":43}},"147":{"start":{"line":148,"column":0},"end":{"line":148,"column":45}},"148":{"start":{"line":149,"column":0},"end":{"line":149,"column":32}},"149":{"start":{"line":150,"column":0},"end":{"line":150,"column":30}},"150":{"start":{"line":151,"column":0},"end":{"line":151,"column":36}},"151":{"start":{"line":152,"column":0},"end":{"line":152,"column":43}},"152":{"start":{"line":153,"column":0},"end":{"line":153,"column":51}},"153":{"start":{"line":154,"column":0},"end":{"line":154,"column":40}},"154":{"start":{"line":155,"column":0},"end":{"line":155,"column":75}},"155":{"start":{"line":156,"column":0},"end":{"line":156,"column":55}},"156":{"start":{"line":157,"column":0},"end":{"line":157,"column":28}},"157":{"start":{"line":158,"column":0},"end":{"line":158,"column":37}},"158":{"start":{"line":159,"column":0},"end":{"line":159,"column":34}},"159":{"start":{"line":160,"column":0},"end":{"line":160,"column":70}},"160":{"start":{"line":161,"column":0},"end":{"line":161,"column":23}},"161":{"start":{"line":162,"column":0},"end":{"line":162,"column":32}},"162":{"start":{"line":163,"column":0},"end":{"line":163,"column":9}},"163":{"start":{"line":164,"column":0},"end":{"line":164,"column":0}},"164":{"start":{"line":165,"column":0},"end":{"line":165,"column":59}},"165":{"start":{"line":166,"column":0},"end":{"line":166,"column":59}},"166":{"start":{"line":167,"column":0},"end":{"line":167,"column":0}},"167":{"start":{"line":168,"column":0},"end":{"line":168,"column":44}},"168":{"start":{"line":169,"column":0},"end":{"line":169,"column":88}},"169":{"start":{"line":170,"column":0},"end":{"line":170,"column":21}},"170":{"start":{"line":171,"column":0},"end":{"line":171,"column":28}},"171":{"start":{"line":172,"column":0},"end":{"line":172,"column":52}},"172":{"start":{"line":173,"column":0},"end":{"line":173,"column":43}},"173":{"start":{"line":174,"column":0},"end":{"line":174,"column":0}},"174":{"start":{"line":175,"column":0},"end":{"line":175,"column":13}},"175":{"start":{"line":176,"column":0},"end":{"line":176,"column":7}},"176":{"start":{"line":177,"column":0},"end":{"line":177,"column":19}},"177":{"start":{"line":178,"column":0},"end":{"line":178,"column":5}},"178":{"start":{"line":179,"column":0},"end":{"line":179,"column":0}},"179":{"start":{"line":180,"column":0},"end":{"line":180,"column":65}},"180":{"start":{"line":181,"column":0},"end":{"line":181,"column":21}},"181":{"start":{"line":182,"column":0},"end":{"line":182,"column":15}},"182":{"start":{"line":183,"column":0},"end":{"line":183,"column":59}},"183":{"start":{"line":184,"column":0},"end":{"line":184,"column":31}},"184":{"start":{"line":185,"column":0},"end":{"line":185,"column":53}},"185":{"start":{"line":186,"column":0},"end":{"line":186,"column":55}},"186":{"start":{"line":187,"column":0},"end":{"line":187,"column":5}},"187":{"start":{"line":188,"column":0},"end":{"line":188,"column":85}},"188":{"start":{"line":189,"column":0},"end":{"line":189,"column":0}},"189":{"start":{"line":190,"column":0},"end":{"line":190,"column":55}},"190":{"start":{"line":191,"column":0},"end":{"line":191,"column":0}},"191":{"start":{"line":192,"column":0},"end":{"line":192,"column":16}},"192":{"start":{"line":193,"column":0},"end":{"line":193,"column":34}},"193":{"start":{"line":194,"column":0},"end":{"line":194,"column":59}},"194":{"start":{"line":195,"column":0},"end":{"line":195,"column":60}},"195":{"start":{"line":196,"column":0},"end":{"line":196,"column":14}},"196":{"start":{"line":197,"column":0},"end":{"line":197,"column":54}},"197":{"start":{"line":198,"column":0},"end":{"line":198,"column":26}},"198":{"start":{"line":199,"column":0},"end":{"line":199,"column":23}},"199":{"start":{"line":200,"column":0},"end":{"line":200,"column":9}},"200":{"start":{"line":201,"column":0},"end":{"line":201,"column":28}},"201":{"start":{"line":202,"column":0},"end":{"line":202,"column":46}},"202":{"start":{"line":203,"column":0},"end":{"line":203,"column":20}},"203":{"start":{"line":204,"column":0},"end":{"line":204,"column":34}},"204":{"start":{"line":205,"column":0},"end":{"line":205,"column":36}},"205":{"start":{"line":206,"column":0},"end":{"line":206,"column":14}},"206":{"start":{"line":207,"column":0},"end":{"line":207,"column":12}},"207":{"start":{"line":208,"column":0},"end":{"line":208,"column":41}},"208":{"start":{"line":209,"column":0},"end":{"line":209,"column":40}},"209":{"start":{"line":210,"column":0},"end":{"line":210,"column":36}},"210":{"start":{"line":211,"column":0},"end":{"line":211,"column":16}},"211":{"start":{"line":212,"column":0},"end":{"line":212,"column":39}},"212":{"start":{"line":213,"column":0},"end":{"line":213,"column":9}},"213":{"start":{"line":214,"column":0},"end":{"line":214,"column":7}},"214":{"start":{"line":215,"column":0},"end":{"line":215,"column":12}},"215":{"start":{"line":216,"column":0},"end":{"line":216,"column":32}},"216":{"start":{"line":217,"column":0},"end":{"line":217,"column":5}},"217":{"start":{"line":218,"column":0},"end":{"line":218,"column":0}},"218":{"start":{"line":219,"column":0},"end":{"line":219,"column":28}},"219":{"start":{"line":220,"column":0},"end":{"line":220,"column":47}},"220":{"start":{"line":221,"column":0},"end":{"line":221,"column":5}},"221":{"start":{"line":222,"column":0},"end":{"line":222,"column":0}},"222":{"start":{"line":223,"column":0},"end":{"line":223,"column":9}},"223":{"start":{"line":224,"column":0},"end":{"line":224,"column":52}},"224":{"start":{"line":225,"column":0},"end":{"line":225,"column":27}},"225":{"start":{"line":226,"column":0},"end":{"line":226,"column":34}},"226":{"start":{"line":227,"column":0},"end":{"line":227,"column":0}},"227":{"start":{"line":228,"column":0},"end":{"line":228,"column":73}},"228":{"start":{"line":229,"column":0},"end":{"line":229,"column":48}},"229":{"start":{"line":230,"column":0},"end":{"line":230,"column":9}},"230":{"start":{"line":231,"column":0},"end":{"line":231,"column":0}},"231":{"start":{"line":232,"column":0},"end":{"line":232,"column":13}},"232":{"start":{"line":233,"column":0},"end":{"line":233,"column":34}},"233":{"start":{"line":234,"column":0},"end":{"line":234,"column":37}},"234":{"start":{"line":235,"column":0},"end":{"line":235,"column":73}},"235":{"start":{"line":236,"column":0},"end":{"line":236,"column":13}},"236":{"start":{"line":237,"column":0},"end":{"line":237,"column":18}},"237":{"start":{"line":238,"column":0},"end":{"line":238,"column":30}},"238":{"start":{"line":239,"column":0},"end":{"line":239,"column":11}},"239":{"start":{"line":240,"column":0},"end":{"line":240,"column":0}},"240":{"start":{"line":241,"column":0},"end":{"line":241,"column":70}},"241":{"start":{"line":242,"column":0},"end":{"line":242,"column":0}},"242":{"start":{"line":243,"column":0},"end":{"line":243,"column":14}},"243":{"start":{"line":244,"column":0},"end":{"line":244,"column":88}},"244":{"start":{"line":245,"column":0},"end":{"line":245,"column":13}},"245":{"start":{"line":246,"column":0},"end":{"line":246,"column":20}},"246":{"start":{"line":247,"column":0},"end":{"line":247,"column":31}},"247":{"start":{"line":248,"column":0},"end":{"line":248,"column":11}},"248":{"start":{"line":249,"column":0},"end":{"line":249,"column":17}},"249":{"start":{"line":250,"column":0},"end":{"line":250,"column":27}},"250":{"start":{"line":251,"column":0},"end":{"line":251,"column":15}},"251":{"start":{"line":252,"column":0},"end":{"line":252,"column":78}},"252":{"start":{"line":253,"column":0},"end":{"line":253,"column":19}},"253":{"start":{"line":254,"column":0},"end":{"line":254,"column":31}},"254":{"start":{"line":255,"column":0},"end":{"line":255,"column":53}},"255":{"start":{"line":256,"column":0},"end":{"line":256,"column":48}},"256":{"start":{"line":257,"column":0},"end":{"line":257,"column":11}},"257":{"start":{"line":258,"column":0},"end":{"line":258,"column":0}},"258":{"start":{"line":259,"column":0},"end":{"line":259,"column":41}},"259":{"start":{"line":260,"column":0},"end":{"line":260,"column":9}},"260":{"start":{"line":261,"column":0},"end":{"line":261,"column":0}},"261":{"start":{"line":262,"column":0},"end":{"line":262,"column":88}},"262":{"start":{"line":263,"column":0},"end":{"line":263,"column":0}},"263":{"start":{"line":264,"column":0},"end":{"line":264,"column":36}},"264":{"start":{"line":265,"column":0},"end":{"line":265,"column":25}},"265":{"start":{"line":266,"column":0},"end":{"line":266,"column":16}},"266":{"start":{"line":267,"column":0},"end":{"line":267,"column":24}},"267":{"start":{"line":268,"column":0},"end":{"line":268,"column":9}},"268":{"start":{"line":269,"column":0},"end":{"line":269,"column":8}},"269":{"start":{"line":270,"column":0},"end":{"line":270,"column":23}},"270":{"start":{"line":271,"column":0},"end":{"line":271,"column":27}},"271":{"start":{"line":272,"column":0},"end":{"line":272,"column":52}},"272":{"start":{"line":273,"column":0},"end":{"line":273,"column":0}},"273":{"start":{"line":274,"column":0},"end":{"line":274,"column":22}},"274":{"start":{"line":275,"column":0},"end":{"line":275,"column":8}},"275":{"start":{"line":276,"column":0},"end":{"line":276,"column":4}},"276":{"start":{"line":277,"column":0},"end":{"line":277,"column":1}},"277":{"start":{"line":278,"column":0},"end":{"line":278,"column":0}},"278":{"start":{"line":279,"column":0},"end":{"line":279,"column":38}}},"s":{"0":1,"1":1,"2":1,"3":1,"4":1,"5":1,"6":1,"7":1,"8":1,"9":1,"10":1,"11":1,"12":10,"13":10,"14":10,"15":1,"16":1,"17":2,"18":1,"19":1,"20":1,"21":10,"22":10,"23":10,"24":10,"25":10,"26":10,"27":10,"28":3,"29":10,"30":166,"31":166,"32":161,"33":161,"34":161,"35":166,"36":166,"37":161,"38":161,"39":161,"40":2,"41":161,"42":161,"43":161,"44":161,"45":161,"46":161,"47":10,"48":1,"49":1,"50":9,"51":9,"52":9,"53":9,"54":9,"55":9,"56":9,"57":9,"58":9,"59":9,"60":9,"61":2,"62":7,"63":7,"64":7,"65":1,"66":1,"67":1,"68":1,"69":1,"70":1,"71":1,"72":1,"73":1,"74":1,"75":1,"76":1,"77":1,"78":1,"79":1,"80":1,"81":1,"82":1,"83":1,"84":1,"85":1,"86":1,"87":1,"88":1,"89":1,"90":1,"91":1,"92":1,"93":1,"94":1,"95":1,"96":1,"97":1,"98":1,"99":1,"100":1,"101":1,"102":0,"103":1,"104":1,"105":1,"106":1,"107":1,"108":0,"109":1,"110":1,"111":1,"112":1,"113":1,"114":1,"115":1,"116":0,"117":0,"118":1,"119":1,"120":0,"121":0,"122":1,"123":1,"124":1,"125":1,"126":1,"127":1,"128":1,"129":1,"130":1,"131":1,"132":1,"133":0,"134":0,"135":0,"136":0,"137":0,"138":0,"139":0,"140":0,"141":0,"142":1,"143":1,"144":0,"145":0,"146":0,"147":0,"148":0,"149":0,"150":0,"151":0,"152":0,"153":0,"154":0,"155":0,"156":0,"157":0,"158":0,"159":0,"160":0,"161":0,"162":0,"163":0,"164":0,"165":0,"166":0,"167":0,"168":0,"169":0,"170":0,"171":0,"172":0,"173":0,"174":0,"175":0,"176":0,"177":0,"178":0,"179":1,"180":1,"181":1,"182":1,"183":1,"184":1,"185":1,"186":1,"187":1,"188":0,"189":1,"190":0,"191":0,"192":0,"193":0,"194":0,"195":0,"196":0,"197":0,"198":0,"199":0,"200":0,"201":0,"202":0,"203":0,"204":0,"205":0,"206":0,"207":0,"208":0,"209":0,"210":0,"211":0,"212":0,"213":0,"214":1,"215":1,"216":1,"217":1,"218":1,"219":1,"220":0,"221":0,"222":1,"223":1,"224":1,"225":1,"226":1,"227":1,"228":1,"229":1,"230":1,"231":1,"232":1,"233":0,"234":1,"235":1,"236":1,"237":1,"238":1,"239":1,"240":1,"241":1,"242":0,"243":1,"244":0,"245":0,"246":0,"247":0,"248":0,"249":0,"250":1,"251":1,"252":1,"253":1,"254":1,"255":1,"256":0,"257":0,"258":0,"259":0,"260":0,"261":1,"262":1,"263":1,"264":1,"265":1,"266":1,"267":1,"268":1,"269":1,"270":1,"271":1,"272":1,"273":1,"274":1,"275":1,"276":1,"277":1,"278":1},"branchMap":{"0":{"type":"branch","line":1,"loc":{"start":{"line":1,"column":0},"end":{"line":264,"column":21}},"locations":[{"start":{"line":1,"column":0},"end":{"line":264,"column":21}}]},"1":{"type":"branch","line":1,"loc":{"start":{"line":1,"column":0},"end":{"line":264,"column":18}},"locations":[{"start":{"line":1,"column":0},"end":{"line":264,"column":18}}]},"2":{"type":"branch","line":79,"loc":{"start":{"line":79,"column":52},"end":{"line":79,"column":55}},"locations":[{"start":{"line":79,"column":52},"end":{"line":79,"column":55}}]},"3":{"type":"branch","line":12,"loc":{"start":{"line":12,"column":46},"end":{"line":16,"column":7}},"locations":[{"start":{"line":12,"column":46},"end":{"line":16,"column":7}}]},"4":{"type":"branch","line":16,"loc":{"start":{"line":16,"column":24},"end":{"line":20,"column":0}},"locations":[{"start":{"line":16,"column":24},"end":{"line":20,"column":0}}]},"5":{"type":"branch","line":17,"loc":{"start":{"line":17,"column":35},"end":{"line":19,"column":31}},"locations":[{"start":{"line":17,"column":35},"end":{"line":19,"column":31}}]},"6":{"type":"branch","line":21,"loc":{"start":{"line":21,"column":5},"end":{"line":49,"column":20}},"locations":[{"start":{"line":21,"column":5},"end":{"line":49,"column":20}}]},"7":{"type":"branch","line":28,"loc":{"start":{"line":28,"column":9},"end":{"line":30,"column":18}},"locations":[{"start":{"line":28,"column":9},"end":{"line":30,"column":18}}]},"8":{"type":"branch","line":30,"loc":{"start":{"line":30,"column":76},"end":{"line":48,"column":3}},"locations":[{"start":{"line":30,"column":76},"end":{"line":48,"column":3}}]},"9":{"type":"branch","line":33,"loc":{"start":{"line":33,"column":0},"end":{"line":36,"column":14}},"locations":[{"start":{"line":33,"column":0},"end":{"line":36,"column":14}}]},"10":{"type":"branch","line":38,"loc":{"start":{"line":38,"column":0},"end":{"line":48,"column":3}},"locations":[{"start":{"line":38,"column":0},"end":{"line":48,"column":3}}]},"11":{"type":"branch","line":40,"loc":{"start":{"line":40,"column":15},"end":{"line":42,"column":4}},"locations":[{"start":{"line":40,"column":15},"end":{"line":42,"column":4}}]},"12":{"type":"branch","line":51,"loc":{"start":{"line":51,"column":0},"end":{"line":66,"column":33}},"locations":[{"start":{"line":51,"column":0},"end":{"line":66,"column":33}}]},"13":{"type":"branch","line":58,"loc":{"start":{"line":58,"column":6},"end":{"line":58,"column":10}},"locations":[{"start":{"line":58,"column":6},"end":{"line":58,"column":10}}]},"14":{"type":"branch","line":61,"loc":{"start":{"line":61,"column":4},"end":{"line":62,"column":14}},"locations":[{"start":{"line":61,"column":4},"end":{"line":62,"column":14}}]},"15":{"type":"branch","line":63,"loc":{"start":{"line":63,"column":0},"end":{"line":66,"column":18}},"locations":[{"start":{"line":63,"column":0},"end":{"line":66,"column":18}}]},"16":{"type":"branch","line":61,"loc":{"start":{"line":61,"column":13},"end":{"line":61,"column":34}},"locations":[{"start":{"line":61,"column":13},"end":{"line":61,"column":34}}]},"17":{"type":"branch","line":67,"loc":{"start":{"line":67,"column":16},"end":{"line":76,"column":19}},"locations":[{"start":{"line":67,"column":16},"end":{"line":76,"column":19}}]},"18":{"type":"branch","line":67,"loc":{"start":{"line":67,"column":38},"end":{"line":76,"column":16}},"locations":[{"start":{"line":67,"column":38},"end":{"line":76,"column":16}}]},"19":{"type":"branch","line":81,"loc":{"start":{"line":81,"column":63},"end":{"line":83,"column":0}},"locations":[{"start":{"line":81,"column":63},"end":{"line":83,"column":0}}]},"20":{"type":"branch","line":93,"loc":{"start":{"line":93,"column":70},"end":{"line":262,"column":25}},"locations":[{"start":{"line":93,"column":70},"end":{"line":262,"column":25}}]},"21":{"type":"branch","line":94,"loc":{"start":{"line":94,"column":4},"end":{"line":262,"column":25}},"locations":[{"start":{"line":94,"column":4},"end":{"line":262,"column":25}}]},"22":{"type":"branch","line":95,"loc":{"start":{"line":95,"column":6},"end":{"line":262,"column":21}},"locations":[{"start":{"line":95,"column":6},"end":{"line":262,"column":21}}]},"23":{"type":"branch","line":102,"loc":{"start":{"line":102,"column":37},"end":{"line":104,"column":39}},"locations":[{"start":{"line":102,"column":37},"end":{"line":104,"column":39}}]},"24":{"type":"branch","line":108,"loc":{"start":{"line":108,"column":20},"end":{"line":110,"column":2}},"locations":[{"start":{"line":108,"column":20},"end":{"line":110,"column":2}}]},"25":{"type":"branch","line":116,"loc":{"start":{"line":116,"column":14},"end":{"line":119,"column":9}},"locations":[{"start":{"line":116,"column":14},"end":{"line":119,"column":9}}]},"26":{"type":"branch","line":120,"loc":{"start":{"line":120,"column":8},"end":{"line":123,"column":24}},"locations":[{"start":{"line":120,"column":8},"end":{"line":123,"column":24}}]},"27":{"type":"branch","line":126,"loc":{"start":{"line":126,"column":66},"end":{"line":126,"column":70}},"locations":[{"start":{"line":126,"column":66},"end":{"line":126,"column":70}}]},"28":{"type":"branch","line":127,"loc":{"start":{"line":127,"column":36},"end":{"line":127,"column":50}},"locations":[{"start":{"line":127,"column":36},"end":{"line":127,"column":50}}]},"29":{"type":"branch","line":133,"loc":{"start":{"line":133,"column":9},"end":{"line":143,"column":8}},"locations":[{"start":{"line":133,"column":9},"end":{"line":143,"column":8}}]},"30":{"type":"branch","line":144,"loc":{"start":{"line":144,"column":1},"end":{"line":180,"column":30}},"locations":[{"start":{"line":144,"column":1},"end":{"line":180,"column":30}}]},"31":{"type":"branch","line":188,"loc":{"start":{"line":188,"column":76},"end":{"line":190,"column":18}},"locations":[{"start":{"line":188,"column":76},"end":{"line":190,"column":18}}]},"32":{"type":"branch","line":190,"loc":{"start":{"line":190,"column":34},"end":{"line":215,"column":11}},"locations":[{"start":{"line":190,"column":34},"end":{"line":215,"column":11}}]},"33":{"type":"branch","line":220,"loc":{"start":{"line":220,"column":4},"end":{"line":223,"column":5}},"locations":[{"start":{"line":220,"column":4},"end":{"line":223,"column":5}}]},"34":{"type":"branch","line":114,"loc":{"start":{"line":114,"column":30},"end":{"line":115,"column":15}},"locations":[{"start":{"line":114,"column":30},"end":{"line":115,"column":15}}]},"35":{"type":"branch","line":224,"loc":{"start":{"line":224,"column":48},"end":{"line":256,"column":12}},"locations":[{"start":{"line":224,"column":48},"end":{"line":256,"column":12}}]},"36":{"type":"branch","line":228,"loc":{"start":{"line":228,"column":50},"end":{"line":228,"column":55}},"locations":[{"start":{"line":228,"column":50},"end":{"line":228,"column":55}}]},"37":{"type":"branch","line":233,"loc":{"start":{"line":233,"column":4},"end":{"line":235,"column":12}},"locations":[{"start":{"line":233,"column":4},"end":{"line":235,"column":12}}]},"38":{"type":"branch","line":238,"loc":{"start":{"line":238,"column":16},"end":{"line":239,"column":2}},"locations":[{"start":{"line":238,"column":16},"end":{"line":239,"column":2}}]},"39":{"type":"branch","line":243,"loc":{"start":{"line":243,"column":0},"end":{"line":244,"column":27}},"locations":[{"start":{"line":243,"column":0},"end":{"line":244,"column":27}}]},"40":{"type":"branch","line":244,"loc":{"start":{"line":244,"column":36},"end":{"line":251,"column":12}},"locations":[{"start":{"line":244,"column":36},"end":{"line":251,"column":12}}]},"41":{"type":"branch","line":255,"loc":{"start":{"line":255,"column":21},"end":{"line":256,"column":6}},"locations":[{"start":{"line":255,"column":21},"end":{"line":256,"column":6}}]},"42":{"type":"branch","line":228,"loc":{"start":{"line":228,"column":61},"end":{"line":229,"column":32}},"locations":[{"start":{"line":228,"column":61},"end":{"line":229,"column":32}}]}},"b":{"0":[1],"1":[1],"2":[0],"3":[10],"4":[1],"5":[2],"6":[10],"7":[3],"8":[166],"9":[161],"10":[161],"11":[2],"12":[9],"13":[0],"14":[2],"15":[7],"16":[1],"17":[1],"18":[1],"19":[1],"20":[1],"21":[1],"22":[1],"23":[0],"24":[0],"25":[0],"26":[0],"27":[0],"28":[0],"29":[0],"30":[0],"31":[0],"32":[0],"33":[0],"34":[1],"35":[1],"36":[0],"37":[0],"38":[0],"39":[0],"40":[0],"41":[0],"42":[27]},"fnMap":{"0":{"name":"Object.<anonymous>","decl":{"start":{"line":1,"column":0},"end":{"line":264,"column":18}},"loc":{"start":{"line":1,"column":0},"end":{"line":264,"column":18}},"line":1},"1":{"name":"__markAsModule","decl":{"start":{"line":12,"column":46},"end":{"line":16,"column":7}},"loc":{"start":{"line":12,"column":46},"end":{"line":16,"column":7}},"line":12},"2":{"name":"__export","decl":{"start":{"line":16,"column":24},"end":{"line":20,"column":0}},"loc":{"start":{"line":16,"column":24},"end":{"line":20,"column":0}},"line":16},"3":{"name":"__reExport","decl":{"start":{"line":21,"column":5},"end":{"line":49,"column":20}},"loc":{"start":{"line":21,"column":5},"end":{"line":49,"column":20}},"line":21},"4":{"name":"get","decl":{"start":{"line":40,"column":15},"end":{"line":42,"column":4}},"loc":{"start":{"line":40,"column":15},"end":{"line":42,"column":4}},"line":40},"5":{"name":"__toESM","decl":{"start":{"line":51,"column":0},"end":{"line":66,"column":33}},"loc":{"start":{"line":51,"column":0},"end":{"line":66,"column":33}},"line":51},"6":{"name":"get","decl":{"start":{"line":61,"column":13},"end":{"line":61,"column":34}},"loc":{"start":{"line":61,"column":13},"end":{"line":61,"column":34}},"line":61},"7":{"name":"createRequest","decl":{"start":{"line":81,"column":31},"end":{"line":81,"column":50}},"loc":{"start":{"line":81,"column":31},"end":{"line":81,"column":50}},"line":81},"8":{"name":"request","decl":{"start":{"line":81,"column":63},"end":{"line":83,"column":0}},"loc":{"start":{"line":81,"column":63},"end":{"line":83,"column":0}},"line":81},"9":{"name":"createRequest","decl":{"start":{"line":93,"column":70},"end":{"line":262,"column":25}},"loc":{"start":{"line":93,"column":70},"end":{"line":262,"column":25}},"line":93}},"f":{"0":1,"1":10,"2":1,"3":10,"4":2,"5":9,"6":1,"7":0,"8":1,"9":1}}
,"/home/backtolife/git.workspace/node.workspace/netease-cloud-music-api/src/common/http/user_agent.ts": {"path":"/home/backtolife/git.workspace/node.workspace/netease-cloud-music-api/src/common/http/user_agent.ts","all":false,"statementMap":{"0":{"start":{"line":1,"column":0},"end":{"line":1,"column":43}},"1":{"start":{"line":2,"column":0},"end":{"line":2,"column":3}},"2":{"start":{"line":3,"column":0},"end":{"line":3,"column":89}},"3":{"start":{"line":4,"column":0},"end":{"line":4,"column":3}},"4":{"start":{"line":5,"column":0},"end":{"line":5,"column":59}},"5":{"start":{"line":6,"column":0},"end":{"line":6,"column":24}},"6":{"start":{"line":7,"column":0},"end":{"line":7,"column":13}},"7":{"start":{"line":8,"column":0},"end":{"line":8,"column":41}},"8":{"start":{"line":9,"column":0},"end":{"line":9,"column":148}},"9":{"start":{"line":10,"column":0},"end":{"line":10,"column":143}},"10":{"start":{"line":11,"column":0},"end":{"line":11,"column":29}},"11":{"start":{"line":12,"column":0},"end":{"line":12,"column":200}},"12":{"start":{"line":13,"column":0},"end":{"line":13,"column":179}},"13":{"start":{"line":14,"column":0},"end":{"line":14,"column":33}},"14":{"start":{"line":15,"column":0},"end":{"line":15,"column":154}},"15":{"start":{"line":16,"column":0},"end":{"line":16,"column":205}},"16":{"start":{"line":17,"column":0},"end":{"line":17,"column":30}},"17":{"start":{"line":18,"column":0},"end":{"line":18,"column":312}},"18":{"start":{"line":19,"column":0},"end":{"line":19,"column":192}},"19":{"start":{"line":20,"column":0},"end":{"line":20,"column":6}},"20":{"start":{"line":21,"column":0},"end":{"line":21,"column":9}},"21":{"start":{"line":22,"column":0},"end":{"line":22,"column":49}},"22":{"start":{"line":23,"column":0},"end":{"line":23,"column":91}},"23":{"start":{"line":24,"column":0},"end":{"line":24,"column":129}},"24":{"start":{"line":25,"column":0},"end":{"line":25,"column":128}},"25":{"start":{"line":26,"column":0},"end":{"line":26,"column":43}},"26":{"start":{"line":27,"column":0},"end":{"line":27,"column":87}},"27":{"start":{"line":28,"column":0},"end":{"line":28,"column":123}},"28":{"start":{"line":29,"column":0},"end":{"line":29,"column":138}},"29":{"start":{"line":30,"column":0},"end":{"line":30,"column":18}},"30":{"start":{"line":31,"column":0},"end":{"line":31,"column":6}},"31":{"start":{"line":32,"column":0},"end":{"line":32,"column":3}},"32":{"start":{"line":33,"column":0},"end":{"line":33,"column":0}},"33":{"start":{"line":34,"column":0},"end":{"line":34,"column":89}},"34":{"start":{"line":35,"column":0},"end":{"line":35,"column":0}},"35":{"start":{"line":36,"column":0},"end":{"line":36,"column":46}},"36":{"start":{"line":37,"column":0},"end":{"line":37,"column":63}},"37":{"start":{"line":38,"column":0},"end":{"line":38,"column":8}},"38":{"start":{"line":39,"column":0},"end":{"line":39,"column":1}},"39":{"start":{"line":40,"column":0},"end":{"line":40,"column":0}},"40":{"start":{"line":41,"column":0},"end":{"line":41,"column":33}}},"s":{"0":1,"1":1,"2":1,"3":1,"4":1,"5":1,"6":1,"7":1,"8":1,"9":1,"10":1,"11":2,"12":1,"13":1,"14":1,"15":1,"16":1,"17":1,"18":1,"19":1,"20":1,"21":1,"22":1,"23":1,"24":1,"25":1,"26":1,"27":1,"28":1,"29":1,"30":1,"31":1,"32":1,"33":1,"34":1,"35":1,"36":1,"37":1,"38":1,"39":1,"40":1},"branchMap":{"0":{"type":"branch","line":1,"loc":{"start":{"line":1,"column":0},"end":{"line":41,"column":33}},"locations":[{"start":{"line":1,"column":0},"end":{"line":41,"column":33}}]},"1":{"type":"branch","line":1,"loc":{"start":{"line":1,"column":0},"end":{"line":41,"column":33}},"locations":[{"start":{"line":1,"column":0},"end":{"line":41,"column":33}}]},"2":{"type":"branch","line":15,"loc":{"start":{"line":15,"column":102},"end":{"line":15,"column":105}},"locations":[{"start":{"line":15,"column":102},"end":{"line":15,"column":105}}]},"3":{"type":"branch","line":6,"loc":{"start":{"line":6,"column":18},"end":{"line":8,"column":39}},"locations":[{"start":{"line":6,"column":18},"end":{"line":8,"column":39}}]},"4":{"type":"branch","line":9,"loc":{"start":{"line":9,"column":14},"end":{"line":9,"column":125}},"locations":[{"start":{"line":9,"column":14},"end":{"line":9,"column":125}}]},"5":{"type":"branch","line":9,"loc":{"start":{"line":9,"column":61},"end":{"line":9,"column":123}},"locations":[{"start":{"line":9,"column":61},"end":{"line":9,"column":123}}]},"6":{"type":"branch","line":9,"loc":{"start":{"line":9,"column":144},"end":{"line":13,"column":28}},"locations":[{"start":{"line":9,"column":144},"end":{"line":13,"column":28}}]},"7":{"type":"branch","line":10,"loc":{"start":{"line":10,"column":82},"end":{"line":10,"column":114}},"locations":[{"start":{"line":10,"column":82},"end":{"line":10,"column":114}}]},"8":{"type":"branch","line":11,"loc":{"start":{"line":11,"column":28},"end":{"line":13,"column":5}},"locations":[{"start":{"line":11,"column":28},"end":{"line":13,"column":5}}]},"9":{"type":"branch","line":12,"loc":{"start":{"line":12,"column":50},"end":{"line":12,"column":70}},"locations":[{"start":{"line":12,"column":50},"end":{"line":12,"column":70}}]},"10":{"type":"branch","line":12,"loc":{"start":{"line":12,"column":111},"end":{"line":12,"column":129}},"locations":[{"start":{"line":12,"column":111},"end":{"line":12,"column":129}}]},"11":{"type":"branch","line":13,"loc":{"start":{"line":13,"column":66},"end":{"line":15,"column":37}},"locations":[{"start":{"line":13,"column":66},"end":{"line":15,"column":37}}]},"12":{"type":"branch","line":13,"loc":{"start":{"line":13,"column":88},"end":{"line":15,"column":34}},"locations":[{"start":{"line":13,"column":88},"end":{"line":15,"column":34}}]},"13":{"type":"branch","line":16,"loc":{"start":{"line":16,"column":14},"end":{"line":16,"column":33}},"locations":[{"start":{"line":16,"column":14},"end":{"line":16,"column":33}}]},"14":{"type":"branch","line":16,"loc":{"start":{"line":16,"column":113},"end":{"line":41,"column":33}},"locations":[{"start":{"line":16,"column":113},"end":{"line":41,"column":33}}]}},"b":{"0":[1],"1":[1],"2":[0],"3":[1],"4":[1],"5":[2],"6":[1],"7":[0],"8":[2],"9":[0],"10":[1],"11":[1],"12":[1],"13":[1],"14":[1]},"fnMap":{"0":{"name":"Object.<anonymous>","decl":{"start":{"line":1,"column":0},"end":{"line":41,"column":33}},"loc":{"start":{"line":1,"column":0},"end":{"line":41,"column":33}},"line":1},"1":{"name":"__markAsModule","decl":{"start":{"line":6,"column":18},"end":{"line":8,"column":39}},"loc":{"start":{"line":6,"column":18},"end":{"line":8,"column":39}},"line":6},"2":{"name":"__export","decl":{"start":{"line":9,"column":14},"end":{"line":9,"column":125}},"loc":{"start":{"line":9,"column":14},"end":{"line":9,"column":125}},"line":9},"3":{"name":"__reExport","decl":{"start":{"line":9,"column":144},"end":{"line":13,"column":28}},"loc":{"start":{"line":9,"column":144},"end":{"line":13,"column":28}},"line":9},"4":{"name":"get","decl":{"start":{"line":12,"column":111},"end":{"line":12,"column":129}},"loc":{"start":{"line":12,"column":111},"end":{"line":12,"column":129}},"line":12},"5":{"name":"default","decl":{"start":{"line":16,"column":14},"end":{"line":16,"column":33}},"loc":{"start":{"line":16,"column":14},"end":{"line":16,"column":33}},"line":16},"6":{"name":"getRandomUserAgent","decl":{"start":{"line":16,"column":57},"end":{"line":16,"column":81}},"loc":{"start":{"line":16,"column":57},"end":{"line":16,"column":81}},"line":16},"7":{"name":"getRandomUserAgent","decl":{"start":{"line":16,"column":113},"end":{"line":41,"column":33}},"loc":{"start":{"line":16,"column":113},"end":{"line":41,"column":33}},"line":16}},"f":{"0":1,"1":1,"2":1,"3":1,"4":1,"5":1,"6":0,"7":1}}
,"/home/backtolife/git.workspace/node.workspace/netease-cloud-music-api/src/modules/login.ts": {"path":"/home/backtolife/git.workspace/node.workspace/netease-cloud-music-api/src/modules/login.ts","all":false,"statementMap":{"0":{"start":{"line":1,"column":0},"end":{"line":1,"column":27}},"1":{"start":{"line":2,"column":0},"end":{"line":2,"column":0}},"2":{"start":{"line":3,"column":0},"end":{"line":3,"column":84}},"3":{"start":{"line":4,"column":0},"end":{"line":4,"column":0}},"4":{"start":{"line":5,"column":0},"end":{"line":5,"column":70}},"5":{"start":{"line":6,"column":0},"end":{"line":6,"column":5}},"6":{"start":{"line":7,"column":0},"end":{"line":7,"column":9}},"7":{"start":{"line":8,"column":0},"end":{"line":8,"column":5}},"8":{"start":{"line":9,"column":0},"end":{"line":9,"column":15}},"9":{"start":{"line":10,"column":0},"end":{"line":10,"column":5}},"10":{"start":{"line":11,"column":0},"end":{"line":11,"column":7}},"11":{"start":{"line":12,"column":0},"end":{"line":12,"column":5}},"12":{"start":{"line":13,"column":0},"end":{"line":13,"column":18}},"13":{"start":{"line":14,"column":0},"end":{"line":14,"column":5}},"14":{"start":{"line":15,"column":0},"end":{"line":15,"column":28}},"15":{"start":{"line":16,"column":0},"end":{"line":16,"column":18}},"16":{"start":{"line":17,"column":0},"end":{"line":17,"column":5}},"17":{"start":{"line":18,"column":0},"end":{"line":18,"column":22}},"18":{"start":{"line":19,"column":0},"end":{"line":19,"column":5}},"19":{"start":{"line":20,"column":0},"end":{"line":20,"column":35}},"20":{"start":{"line":21,"column":0},"end":{"line":21,"column":5}},"21":{"start":{"line":22,"column":0},"end":{"line":22,"column":23}},"22":{"start":{"line":23,"column":0},"end":{"line":23,"column":5}},"23":{"start":{"line":24,"column":0},"end":{"line":24,"column":39}},"24":{"start":{"line":25,"column":0},"end":{"line":25,"column":25}},"25":{"start":{"line":26,"column":0},"end":{"line":26,"column":23}},"26":{"start":{"line":27,"column":0},"end":{"line":27,"column":5}},"27":{"start":{"line":28,"column":0},"end":{"line":28,"column":18}},"28":{"start":{"line":29,"column":0},"end":{"line":29,"column":1}},"29":{"start":{"line":30,"column":0},"end":{"line":30,"column":0}},"30":{"start":{"line":31,"column":0},"end":{"line":31,"column":39}},"31":{"start":{"line":32,"column":0},"end":{"line":32,"column":19}},"32":{"start":{"line":33,"column":0},"end":{"line":33,"column":14}},"33":{"start":{"line":34,"column":0},"end":{"line":34,"column":18}},"34":{"start":{"line":35,"column":0},"end":{"line":35,"column":15}},"35":{"start":{"line":36,"column":0},"end":{"line":36,"column":18}},"36":{"start":{"line":37,"column":0},"end":{"line":37,"column":21}},"37":{"start":{"line":38,"column":0},"end":{"line":38,"column":16}},"38":{"start":{"line":39,"column":0},"end":{"line":39,"column":1}},"39":{"start":{"line":40,"column":0},"end":{"line":40,"column":0}},"40":{"start":{"line":41,"column":0},"end":{"line":41,"column":26}},"41":{"start":{"line":42,"column":0},"end":{"line":42,"column":12}},"42":{"start":{"line":43,"column":0},"end":{"line":43,"column":18}},"43":{"start":{"line":44,"column":0},"end":{"line":44,"column":14}},"44":{"start":{"line":45,"column":0},"end":{"line":45,"column":16}},"45":{"start":{"line":46,"column":0},"end":{"line":46,"column":28}},"46":{"start":{"line":47,"column":0},"end":{"line":47,"column":20}},"47":{"start":{"line":48,"column":0},"end":{"line":48,"column":14}},"48":{"start":{"line":49,"column":0},"end":{"line":49,"column":22}},"49":{"start":{"line":50,"column":0},"end":{"line":50,"column":13}},"50":{"start":{"line":51,"column":0},"end":{"line":51,"column":23}},"51":{"start":{"line":52,"column":0},"end":{"line":52,"column":23}},"52":{"start":{"line":53,"column":0},"end":{"line":53,"column":17}},"53":{"start":{"line":54,"column":0},"end":{"line":54,"column":24}},"54":{"start":{"line":55,"column":0},"end":{"line":55,"column":24}},"55":{"start":{"line":56,"column":0},"end":{"line":56,"column":24}},"56":{"start":{"line":57,"column":0},"end":{"line":57,"column":1}},"57":{"start":{"line":58,"column":0},"end":{"line":58,"column":0}},"58":{"start":{"line":59,"column":0},"end":{"line":59,"column":26}},"59":{"start":{"line":60,"column":0},"end":{"line":60,"column":16}},"60":{"start":{"line":61,"column":0},"end":{"line":61,"column":13}},"61":{"start":{"line":62,"column":0},"end":{"line":62,"column":18}},"62":{"start":{"line":63,"column":0},"end":{"line":63,"column":21}},"63":{"start":{"line":64,"column":0},"end":{"line":64,"column":22}},"64":{"start":{"line":65,"column":0},"end":{"line":65,"column":19}},"65":{"start":{"line":66,"column":0},"end":{"line":66,"column":21}},"66":{"start":{"line":67,"column":0},"end":{"line":67,"column":12}},"67":{"start":{"line":68,"column":0},"end":{"line":68,"column":14}},"68":{"start":{"line":69,"column":0},"end":{"line":69,"column":1}},"69":{"start":{"line":70,"column":0},"end":{"line":70,"column":0}},"70":{"start":{"line":71,"column":0},"end":{"line":71,"column":26}},"71":{"start":{"line":72,"column":0},"end":{"line":72,"column":28}},"72":{"start":{"line":73,"column":0},"end":{"line":73,"column":24}},"73":{"start":{"line":74,"column":0},"end":{"line":74,"column":16}},"74":{"start":{"line":75,"column":0},"end":{"line":75,"column":19}},"75":{"start":{"line":76,"column":0},"end":{"line":76,"column":23}},"76":{"start":{"line":77,"column":0},"end":{"line":77,"column":27}},"77":{"start":{"line":78,"column":0},"end":{"line":78,"column":18}},"78":{"start":{"line":79,"column":0},"end":{"line":79,"column":23}},"79":{"start":{"line":80,"column":0},"end":{"line":80,"column":17}},"80":{"start":{"line":81,"column":0},"end":{"line":81,"column":16}},"81":{"start":{"line":82,"column":0},"end":{"line":82,"column":21}},"82":{"start":{"line":83,"column":0},"end":{"line":83,"column":18}},"83":{"start":{"line":84,"column":0},"end":{"line":84,"column":25}},"84":{"start":{"line":85,"column":0},"end":{"line":85,"column":18}},"85":{"start":{"line":86,"column":0},"end":{"line":86,"column":14}},"86":{"start":{"line":87,"column":0},"end":{"line":87,"column":19}},"87":{"start":{"line":88,"column":0},"end":{"line":88,"column":24}},"88":{"start":{"line":89,"column":0},"end":{"line":89,"column":18}},"89":{"start":{"line":90,"column":0},"end":{"line":90,"column":18}},"90":{"start":{"line":91,"column":0},"end":{"line":91,"column":18}},"91":{"start":{"line":92,"column":0},"end":{"line":92,"column":17}},"92":{"start":{"line":93,"column":0},"end":{"line":93,"column":18}},"93":{"start":{"line":94,"column":0},"end":{"line":94,"column":20}},"94":{"start":{"line":95,"column":0},"end":{"line":95,"column":18}},"95":{"start":{"line":96,"column":0},"end":{"line":96,"column":21}},"96":{"start":{"line":97,"column":0},"end":{"line":97,"column":19}},"97":{"start":{"line":98,"column":0},"end":{"line":98,"column":19}},"98":{"start":{"line":99,"column":0},"end":{"line":99,"column":25}},"99":{"start":{"line":100,"column":0},"end":{"line":100,"column":19}},"100":{"start":{"line":101,"column":0},"end":{"line":101,"column":17}},"101":{"start":{"line":102,"column":0},"end":{"line":102,"column":20}},"102":{"start":{"line":103,"column":0},"end":{"line":103,"column":20}},"103":{"start":{"line":104,"column":0},"end":{"line":104,"column":23}},"104":{"start":{"line":105,"column":0},"end":{"line":105,"column":35}},"105":{"start":{"line":106,"column":0},"end":{"line":106,"column":1}},"106":{"start":{"line":107,"column":0},"end":{"line":107,"column":0}},"107":{"start":{"line":108,"column":0},"end":{"line":108,"column":27}},"108":{"start":{"line":109,"column":0},"end":{"line":109,"column":0}},"109":{"start":{"line":110,"column":0},"end":{"line":110,"column":22}},"110":{"start":{"line":111,"column":0},"end":{"line":111,"column":46}},"111":{"start":{"line":112,"column":0},"end":{"line":112,"column":20}},"112":{"start":{"line":113,"column":0},"end":{"line":113,"column":30}},"113":{"start":{"line":114,"column":0},"end":{"line":114,"column":15}},"114":{"start":{"line":115,"column":0},"end":{"line":115,"column":5}},"115":{"start":{"line":116,"column":0},"end":{"line":116,"column":0}},"116":{"start":{"line":117,"column":0},"end":{"line":117,"column":18}},"117":{"start":{"line":118,"column":0},"end":{"line":118,"column":28}},"118":{"start":{"line":119,"column":0},"end":{"line":119,"column":15}},"119":{"start":{"line":120,"column":0},"end":{"line":120,"column":92}},"120":{"start":{"line":121,"column":0},"end":{"line":121,"column":28}},"121":{"start":{"line":122,"column":0},"end":{"line":122,"column":5}},"122":{"start":{"line":123,"column":0},"end":{"line":123,"column":0}},"123":{"start":{"line":124,"column":0},"end":{"line":124,"column":34}},"124":{"start":{"line":125,"column":0},"end":{"line":125,"column":21}},"125":{"start":{"line":126,"column":0},"end":{"line":126,"column":47}},"126":{"start":{"line":127,"column":0},"end":{"line":127,"column":11}},"127":{"start":{"line":128,"column":0},"end":{"line":128,"column":16}},"128":{"start":{"line":129,"column":0},"end":{"line":129,"column":24}},"129":{"start":{"line":130,"column":0},"end":{"line":130,"column":17}},"130":{"start":{"line":131,"column":0},"end":{"line":131,"column":29}},"131":{"start":{"line":132,"column":0},"end":{"line":132,"column":27}},"132":{"start":{"line":133,"column":0},"end":{"line":133,"column":29}},"133":{"start":{"line":134,"column":0},"end":{"line":134,"column":8}},"134":{"start":{"line":135,"column":0},"end":{"line":135,"column":6}},"135":{"start":{"line":136,"column":0},"end":{"line":136,"column":0}},"136":{"start":{"line":137,"column":0},"end":{"line":137,"column":35}},"137":{"start":{"line":138,"column":0},"end":{"line":138,"column":14}},"138":{"start":{"line":139,"column":0},"end":{"line":139,"column":20}},"139":{"start":{"line":140,"column":0},"end":{"line":140,"column":15}},"140":{"start":{"line":141,"column":0},"end":{"line":141,"column":25}},"141":{"start":{"line":142,"column":0},"end":{"line":142,"column":42}},"142":{"start":{"line":143,"column":0},"end":{"line":143,"column":10}},"143":{"start":{"line":144,"column":0},"end":{"line":144,"column":30}},"144":{"start":{"line":145,"column":0},"end":{"line":145,"column":7}},"145":{"start":{"line":146,"column":0},"end":{"line":146,"column":5}},"146":{"start":{"line":147,"column":0},"end":{"line":147,"column":0}},"147":{"start":{"line":148,"column":0},"end":{"line":148,"column":35}},"148":{"start":{"line":149,"column":0},"end":{"line":149,"column":14}},"149":{"start":{"line":150,"column":0},"end":{"line":150,"column":20}},"150":{"start":{"line":151,"column":0},"end":{"line":151,"column":15}},"151":{"start":{"line":152,"column":0},"end":{"line":152,"column":25}},"152":{"start":{"line":153,"column":0},"end":{"line":153,"column":20}},"153":{"start":{"line":154,"column":0},"end":{"line":154,"column":29}},"154":{"start":{"line":155,"column":0},"end":{"line":155,"column":10}},"155":{"start":{"line":156,"column":0},"end":{"line":156,"column":7}},"156":{"start":{"line":157,"column":0},"end":{"line":157,"column":5}},"157":{"start":{"line":158,"column":0},"end":{"line":158,"column":0}},"158":{"start":{"line":159,"column":0},"end":{"line":159,"column":12}},"159":{"start":{"line":160,"column":0},"end":{"line":160,"column":18}},"160":{"start":{"line":161,"column":0},"end":{"line":161,"column":24}},"161":{"start":{"line":162,"column":0},"end":{"line":162,"column":5}},"162":{"start":{"line":163,"column":0},"end":{"line":163,"column":4}},"163":{"start":{"line":164,"column":0},"end":{"line":164,"column":66}},"164":{"start":{"line":165,"column":0},"end":{"line":165,"column":20}},"165":{"start":{"line":166,"column":0},"end":{"line":166,"column":30}},"166":{"start":{"line":167,"column":0},"end":{"line":167,"column":15}},"167":{"start":{"line":168,"column":0},"end":{"line":168,"column":5}},"168":{"start":{"line":169,"column":0},"end":{"line":169,"column":0}},"169":{"start":{"line":170,"column":0},"end":{"line":170,"column":18}},"170":{"start":{"line":171,"column":0},"end":{"line":171,"column":25}},"171":{"start":{"line":172,"column":0},"end":{"line":172,"column":45}},"172":{"start":{"line":173,"column":0},"end":{"line":173,"column":29}},"173":{"start":{"line":174,"column":0},"end":{"line":174,"column":61}},"174":{"start":{"line":175,"column":0},"end":{"line":175,"column":23}},"175":{"start":{"line":176,"column":0},"end":{"line":176,"column":31}},"176":{"start":{"line":177,"column":0},"end":{"line":177,"column":70}},"177":{"start":{"line":178,"column":0},"end":{"line":178,"column":28}},"178":{"start":{"line":179,"column":0},"end":{"line":179,"column":5}},"179":{"start":{"line":180,"column":0},"end":{"line":180,"column":0}},"180":{"start":{"line":181,"column":0},"end":{"line":181,"column":72}},"181":{"start":{"line":182,"column":0},"end":{"line":182,"column":21}},"182":{"start":{"line":183,"column":0},"end":{"line":183,"column":57}},"183":{"start":{"line":184,"column":0},"end":{"line":184,"column":17}},"184":{"start":{"line":185,"column":0},"end":{"line":185,"column":16}},"185":{"start":{"line":186,"column":0},"end":{"line":186,"column":24}},"186":{"start":{"line":187,"column":0},"end":{"line":187,"column":17}},"187":{"start":{"line":188,"column":0},"end":{"line":188,"column":29}},"188":{"start":{"line":189,"column":0},"end":{"line":189,"column":27}},"189":{"start":{"line":190,"column":0},"end":{"line":190,"column":29}},"190":{"start":{"line":191,"column":0},"end":{"line":191,"column":8}},"191":{"start":{"line":192,"column":0},"end":{"line":192,"column":6}},"192":{"start":{"line":193,"column":0},"end":{"line":193,"column":0}},"193":{"start":{"line":194,"column":0},"end":{"line":194,"column":35}},"194":{"start":{"line":195,"column":0},"end":{"line":195,"column":14}},"195":{"start":{"line":196,"column":0},"end":{"line":196,"column":20}},"196":{"start":{"line":197,"column":0},"end":{"line":197,"column":15}},"197":{"start":{"line":198,"column":0},"end":{"line":198,"column":25}},"198":{"start":{"line":199,"column":0},"end":{"line":199,"column":42}},"199":{"start":{"line":200,"column":0},"end":{"line":200,"column":10}},"200":{"start":{"line":201,"column":0},"end":{"line":201,"column":30}},"201":{"start":{"line":202,"column":0},"end":{"line":202,"column":7}},"202":{"start":{"line":203,"column":0},"end":{"line":203,"column":5}},"203":{"start":{"line":204,"column":0},"end":{"line":204,"column":0}},"204":{"start":{"line":205,"column":0},"end":{"line":205,"column":35}},"205":{"start":{"line":206,"column":0},"end":{"line":206,"column":14}},"206":{"start":{"line":207,"column":0},"end":{"line":207,"column":20}},"207":{"start":{"line":208,"column":0},"end":{"line":208,"column":15}},"208":{"start":{"line":209,"column":0},"end":{"line":209,"column":25}},"209":{"start":{"line":210,"column":0},"end":{"line":210,"column":20}},"210":{"start":{"line":211,"column":0},"end":{"line":211,"column":29}},"211":{"start":{"line":212,"column":0},"end":{"line":212,"column":10}},"212":{"start":{"line":213,"column":0},"end":{"line":213,"column":7}},"213":{"start":{"line":214,"column":0},"end":{"line":214,"column":5}},"214":{"start":{"line":215,"column":0},"end":{"line":215,"column":0}},"215":{"start":{"line":216,"column":0},"end":{"line":216,"column":12}},"216":{"start":{"line":217,"column":0},"end":{"line":217,"column":18}},"217":{"start":{"line":218,"column":0},"end":{"line":218,"column":24}},"218":{"start":{"line":219,"column":0},"end":{"line":219,"column":5}},"219":{"start":{"line":220,"column":0},"end":{"line":220,"column":4}},"220":{"start":{"line":221,"column":0},"end":{"line":221,"column":1}}},"s":{"0":1,"1":1,"2":1,"3":1,"4":1,"5":1,"6":1,"7":1,"8":1,"9":1,"10":1,"11":1,"12":1,"13":1,"14":1,"15":2,"16":2,"17":2,"18":2,"19":1,"20":1,"21":1,"22":1,"23":1,"24":1,"25":1,"26":2,"27":2,"28":2,"29":2,"30":2,"31":2,"32":0,"33":2,"34":2,"35":2,"36":2,"37":72,"38":72,"39":72,"40":72,"41":72,"42":72,"43":72,"44":72,"45":72,"46":72,"47":72,"48":2,"49":2,"50":1,"51":1,"52":1,"53":1,"54":1,"55":1,"56":0,"57":0,"58":1,"59":1,"60":1,"61":1,"62":1,"63":1,"64":1,"65":1,"66":1,"67":1,"68":1,"69":1,"70":1,"71":1,"72":1,"73":1,"74":1,"75":1,"76":1,"77":1,"78":1,"79":1,"80":1,"81":1,"82":1,"83":1,"84":1,"85":1,"86":1,"87":1,"88":1,"89":0,"90":0,"91":0,"92":0,"93":0,"94":0,"95":0,"96":0,"97":0,"98":0,"99":0,"100":0,"101":0,"102":0,"103":0,"104":0,"105":0,"106":0,"107":0,"108":0,"109":0,"110":0,"111":0,"112":0,"113":0,"114":0,"115":0,"116":0,"117":0,"118":0,"119":0,"120":0,"121":0,"122":0,"123":0,"124":0,"125":0,"126":0,"127":0,"128":0,"129":0,"130":0,"131":0,"132":0,"133":0,"134":0,"135":0,"136":0,"137":0,"138":0,"139":0,"140":0,"141":1,"142":1,"143":1,"144":1,"145":1,"146":1,"147":1,"148":1,"149":1,"150":1,"151":1,"152":1,"153":1,"154":1,"155":1,"156":1,"157":1,"158":1,"159":1,"160":1,"161":1,"162":1,"163":1,"164":1,"165":1,"166":1,"167":1,"168":1,"169":1,"170":1,"171":1,"172":1,"173":1,"174":1,"175":1,"176":1,"177":1,"178":1,"179":1,"180":1,"181":1,"182":1,"183":1,"184":1,"185":1,"186":0,"187":0,"188":0,"189":0,"190":0,"191":0,"192":0,"193":0,"194":0,"195":0,"196":0,"197":0,"198":0,"199":0,"200":1,"201":1,"202":1,"203":1,"204":1,"205":1,"206":1,"207":1,"208":1,"209":1,"210":1,"211":1,"212":1,"213":1,"214":1,"215":1,"216":1,"217":1,"218":1,"219":1,"220":1},"branchMap":{"0":{"type":"branch","line":1,"loc":{"start":{"line":1,"column":0},"end":{"line":206,"column":0}},"locations":[{"start":{"line":1,"column":0},"end":{"line":206,"column":0}}]},"1":{"type":"branch","line":1,"loc":{"start":{"line":1,"column":0},"end":{"line":205,"column":33}},"locations":[{"start":{"line":1,"column":0},"end":{"line":205,"column":33}}]},"2":{"type":"branch","line":82,"loc":{"start":{"line":82,"column":6},"end":{"line":82,"column":9}},"locations":[{"start":{"line":82,"column":6},"end":{"line":82,"column":9}}]},"3":{"type":"branch","line":15,"loc":{"start":{"line":15,"column":23},"end":{"line":20,"column":0}},"locations":[{"start":{"line":15,"column":23},"end":{"line":20,"column":0}}]},"4":{"type":"branch","line":20,"loc":{"start":{"line":20,"column":17},"end":{"line":25,"column":16}},"locations":[{"start":{"line":20,"column":17},"end":{"line":25,"column":16}}]},"5":{"type":"branch","line":26,"loc":{"start":{"line":26,"column":9},"end":{"line":51,"column":1}},"locations":[{"start":{"line":26,"column":9},"end":{"line":51,"column":1}}]},"6":{"type":"branch","line":32,"loc":{"start":{"line":32,"column":4},"end":{"line":34,"column":1}},"locations":[{"start":{"line":32,"column":4},"end":{"line":34,"column":1}}]},"7":{"type":"branch","line":37,"loc":{"start":{"line":37,"column":5},"end":{"line":49,"column":15}},"locations":[{"start":{"line":37,"column":5},"end":{"line":49,"column":15}}]},"8":{"type":"branch","line":41,"loc":{"start":{"line":41,"column":15},"end":{"line":42,"column":8}},"locations":[{"start":{"line":41,"column":15},"end":{"line":42,"column":8}}]},"9":{"type":"branch","line":45,"loc":{"start":{"line":45,"column":2},"end":{"line":46,"column":3}},"locations":[{"start":{"line":45,"column":2},"end":{"line":46,"column":3}}]},"10":{"type":"branch","line":51,"loc":{"start":{"line":51,"column":17},"end":{"line":66,"column":19}},"locations":[{"start":{"line":51,"column":17},"end":{"line":66,"column":19}}]},"11":{"type":"branch","line":56,"loc":{"start":{"line":56,"column":23},"end":{"line":58,"column":0}},"locations":[{"start":{"line":56,"column":23},"end":{"line":58,"column":0}}]},"12":{"type":"branch","line":71,"loc":{"start":{"line":71,"column":4},"end":{"line":79,"column":0}},"locations":[{"start":{"line":71,"column":4},"end":{"line":79,"column":0}}]},"13":{"type":"branch","line":85,"loc":{"start":{"line":85,"column":4},"end":{"line":85,"column":15}},"locations":[{"start":{"line":85,"column":4},"end":{"line":85,"column":15}}]},"14":{"type":"branch","line":142,"loc":{"start":{"line":142,"column":32},"end":{"line":201,"column":27}},"locations":[{"start":{"line":142,"column":32},"end":{"line":201,"column":27}}]},"15":{"type":"branch","line":149,"loc":{"start":{"line":149,"column":8},"end":{"line":149,"column":12}},"locations":[{"start":{"line":149,"column":8},"end":{"line":149,"column":12}}]},"16":{"type":"branch","line":155,"loc":{"start":{"line":155,"column":9},"end":{"line":156,"column":2}},"locations":[{"start":{"line":155,"column":9},"end":{"line":156,"column":2}}]},"17":{"type":"branch","line":161,"loc":{"start":{"line":161,"column":15},"end":{"line":162,"column":1}},"locations":[{"start":{"line":161,"column":15},"end":{"line":162,"column":1}}]},"18":{"type":"branch","line":164,"loc":{"start":{"line":164,"column":20},"end":{"line":164,"column":35}},"locations":[{"start":{"line":164,"column":20},"end":{"line":164,"column":35}}]},"19":{"type":"branch","line":165,"loc":{"start":{"line":165,"column":5},"end":{"line":165,"column":9}},"locations":[{"start":{"line":165,"column":5},"end":{"line":165,"column":9}}]},"20":{"type":"branch","line":186,"loc":{"start":{"line":186,"column":17},"end":{"line":201,"column":26}},"locations":[{"start":{"line":186,"column":17},"end":{"line":201,"column":26}}]}},"b":{"0":[1],"1":[1],"2":[0],"3":[2],"4":[1],"5":[2],"6":[0],"7":[72],"8":[71],"9":[1],"10":[1],"11":[0],"12":[1],"13":[1],"14":[1],"15":[0],"16":[0],"17":[0],"18":[0],"19":[0],"20":[0]},"fnMap":{"0":{"name":"Object.<anonymous>","decl":{"start":{"line":1,"column":0},"end":{"line":205,"column":33}},"loc":{"start":{"line":1,"column":0},"end":{"line":205,"column":33}},"line":1},"1":{"name":"__markAsModule","decl":{"start":{"line":15,"column":23},"end":{"line":20,"column":0}},"loc":{"start":{"line":15,"column":23},"end":{"line":20,"column":0}},"line":15},"2":{"name":"__export","decl":{"start":{"line":20,"column":17},"end":{"line":25,"column":16}},"loc":{"start":{"line":20,"column":17},"end":{"line":25,"column":16}},"line":20},"3":{"name":"__reExport","decl":{"start":{"line":26,"column":9},"end":{"line":51,"column":1}},"loc":{"start":{"line":26,"column":9},"end":{"line":51,"column":1}},"line":26},"4":{"name":"get","decl":{"start":{"line":45,"column":2},"end":{"line":46,"column":3}},"loc":{"start":{"line":45,"column":2},"end":{"line":46,"column":3}},"line":45},"5":{"name":"__toESM","decl":{"start":{"line":51,"column":17},"end":{"line":66,"column":19}},"loc":{"start":{"line":51,"column":17},"end":{"line":66,"column":19}},"line":51},"6":{"name":"get","decl":{"start":{"line":62,"column":8},"end":{"line":63,"column":10}},"loc":{"start":{"line":62,"column":8},"end":{"line":63,"column":10}},"line":62},"7":{"name":"login","decl":{"start":{"line":85,"column":4},"end":{"line":85,"column":15}},"loc":{"start":{"line":85,"column":4},"end":{"line":85,"column":15}},"line":85},"8":{"name":"email","decl":{"start":{"line":89,"column":7},"end":{"line":142,"column":28}},"loc":{"start":{"line":89,"column":7},"end":{"line":142,"column":28}},"line":89},"9":{"name":"cellphone","decl":{"start":{"line":142,"column":32},"end":{"line":201,"column":27}},"loc":{"start":{"line":142,"column":32},"end":{"line":201,"column":27}},"line":142}},"f":{"0":1,"1":2,"2":1,"3":2,"4":1,"5":1,"6":0,"7":1,"8":0,"9":1}}
}
