TN:
SF:src/common/http/crypto.ts
FN:1,Object.<anonymous>
FN:8,__markAsModule
FN:9,__export
FN:11,__reExport
FN:15,get
FN:25,__toESM
FN:29,get
FN:42,aesEncrypt
FN:42,base62
FN:42,decrypt
FN:43,eapi
FN:46,eapiKey
FN:47,iv
FN:48,linuxapi
FN:49,linuxapiKey
FN:50,presetKey
FN:50,publicKey
FN:50,rsaEncrypt
FN:54,weapi
FN:74,aesEncrypt
FN:81,rsaEncrypt
FNF:21
FNH:9
FNDA:1,Object.<anonymous>
FNDA:2,__markAsModule
FNDA:1,__export
FNDA:2,__reExport
FNDA:1,get
FNDA:1,__toESM
FNDA:0,get
FNDA:0,aesEncrypt
FNDA:0,base62
FNDA:0,decrypt
FNDA:0,eapi
FNDA:0,eapiKey
FNDA:0,iv
FNDA:0,linuxapi
FNDA:0,linuxapiKey
FNDA:0,presetKey
FNDA:0,publicKey
FNDA:0,rsaEncrypt
FNDA:1,weapi
FNDA:2,aesEncrypt
FNDA:1,rsaEncrypt
DA:1,1
DA:2,1
DA:3,1
DA:4,1
DA:5,1
DA:6,1
DA:7,1
DA:8,1
DA:9,1
DA:10,1
DA:11,1
DA:12,83
DA:13,83
DA:14,83
DA:15,83
DA:16,1
DA:17,83
DA:18,83
DA:19,83
DA:20,83
DA:21,83
DA:22,2
DA:23,2
DA:24,1
DA:25,1
DA:26,1
DA:27,0
DA:28,0
DA:29,1
DA:30,1
DA:31,1
DA:32,1
DA:33,1
DA:34,1
DA:35,1
DA:36,1
DA:37,1
DA:38,1
DA:39,1
DA:40,1
DA:41,1
DA:42,1
DA:43,1
DA:44,1
DA:45,1
DA:46,1
DA:47,1
DA:48,1
DA:49,1
DA:50,1
DA:51,0
DA:52,0
DA:53,0
DA:54,1
DA:55,1
DA:56,1
DA:57,1
DA:58,1
DA:59,1
DA:60,1
DA:61,1
DA:62,1
DA:63,1
DA:64,1
DA:65,1
DA:66,1
DA:67,1
DA:68,1
DA:69,1
DA:70,1
DA:71,1
DA:72,1
DA:73,1
DA:74,1
DA:75,2
DA:76,2
DA:77,2
DA:78,2
DA:79,2
DA:80,2
DA:81,1
DA:82,1
DA:83,1
LF:83
LH:78
BRDA:1,0,0,1
BRDA:1,1,0,1
BRDA:40,2,0,0
BRDA:8,3,0,2
BRDA:9,4,0,1
BRDA:10,5,0,12
BRDA:11,6,0,2
BRDA:11,7,0,0
BRDA:11,8,0,83
BRDA:12,9,0,71
BRDA:15,10,0,1
BRDA:25,11,0,1
BRDA:27,12,0,0
BRDA:29,13,0,0
BRDA:32,14,0,1
BRDA:32,15,0,1
BRDA:54,16,0,1
BRDA:74,17,0,2
BRDA:81,18,0,1
BRF:19
BRH:15
end_of_record
TN:
SF:src/common/http/request.ts
FN:1,Object.<anonymous>
FN:12,__markAsModule
FN:16,__export
FN:21,__reExport
FN:40,get
FN:51,__toESM
FN:61,get
FN:81,createRequest
FN:81,request
FN:93,createRequest
FNF:10
FNH:9
FNDA:1,Object.<anonymous>
FNDA:10,__markAsModule
FNDA:1,__export
FNDA:10,__reExport
FNDA:2,get
FNDA:9,__toESM
FNDA:1,get
FNDA:0,createRequest
FNDA:1,request
FNDA:1,createRequest
DA:1,1
DA:2,1
DA:3,1
DA:4,1
DA:5,1
DA:6,1
DA:7,1
DA:8,1
DA:9,1
DA:10,1
DA:11,1
DA:12,1
DA:13,10
DA:14,10
DA:15,10
DA:16,1
DA:17,1
DA:18,2
DA:19,1
DA:20,1
DA:21,1
DA:22,10
DA:23,10
DA:24,10
DA:25,10
DA:26,10
DA:27,10
DA:28,10
DA:29,3
DA:30,10
DA:31,166
DA:32,166
DA:33,161
DA:34,161
DA:35,161
DA:36,166
DA:37,166
DA:38,161
DA:39,161
DA:40,161
DA:41,2
DA:42,161
DA:43,161
DA:44,161
DA:45,161
DA:46,161
DA:47,161
DA:48,10
DA:49,1
DA:50,1
DA:51,9
DA:52,9
DA:53,9
DA:54,9
DA:55,9
DA:56,9
DA:57,9
DA:58,9
DA:59,9
DA:60,9
DA:61,9
DA:62,2
DA:63,7
DA:64,7
DA:65,7
DA:66,1
DA:67,1
DA:68,1
DA:69,1
DA:70,1
DA:71,1
DA:72,1
DA:73,1
DA:74,1
DA:75,1
DA:76,1
DA:77,1
DA:78,1
DA:79,1
DA:80,1
DA:81,1
DA:82,1
DA:83,1
DA:84,1
DA:85,1
DA:86,1
DA:87,1
DA:88,1
DA:89,1
DA:90,1
DA:91,1
DA:92,1
DA:93,1
DA:94,1
DA:95,1
DA:96,1
DA:97,1
DA:98,1
DA:99,1
DA:100,1
DA:101,1
DA:102,1
DA:103,0
DA:104,1
DA:105,1
DA:106,1
DA:107,1
DA:108,1
DA:109,0
DA:110,1
DA:111,1
DA:112,1
DA:113,1
DA:114,1
DA:115,1
DA:116,1
DA:117,0
DA:118,0
DA:119,1
DA:120,1
DA:121,0
DA:122,0
DA:123,1
DA:124,1
DA:125,1
DA:126,1
DA:127,1
DA:128,1
DA:129,1
DA:130,1
DA:131,1
DA:132,1
DA:133,1
DA:134,0
DA:135,0
DA:136,0
DA:137,0
DA:138,0
DA:139,0
DA:140,0
DA:141,0
DA:142,0
DA:143,1
DA:144,1
DA:145,0
DA:146,0
DA:147,0
DA:148,0
DA:149,0
DA:150,0
DA:151,0
DA:152,0
DA:153,0
DA:154,0
DA:155,0
DA:156,0
DA:157,0
DA:158,0
DA:159,0
DA:160,0
DA:161,0
DA:162,0
DA:163,0
DA:164,0
DA:165,0
DA:166,0
DA:167,0
DA:168,0
DA:169,0
DA:170,0
DA:171,0
DA:172,0
DA:173,0
DA:174,0
DA:175,0
DA:176,0
DA:177,0
DA:178,0
DA:179,0
DA:180,1
DA:181,1
DA:182,1
DA:183,1
DA:184,1
DA:185,1
DA:186,1
DA:187,1
DA:188,1
DA:189,0
DA:190,1
DA:191,0
DA:192,0
DA:193,0
DA:194,0
DA:195,0
DA:196,0
DA:197,0
DA:198,0
DA:199,0
DA:200,0
DA:201,0
DA:202,0
DA:203,0
DA:204,0
DA:205,0
DA:206,0
DA:207,0
DA:208,0
DA:209,0
DA:210,0
DA:211,0
DA:212,0
DA:213,0
DA:214,0
DA:215,1
DA:216,1
DA:217,1
DA:218,1
DA:219,1
DA:220,1
DA:221,0
DA:222,0
DA:223,1
DA:224,1
DA:225,1
DA:226,1
DA:227,1
DA:228,1
DA:229,1
DA:230,1
DA:231,1
DA:232,1
DA:233,1
DA:234,0
DA:235,1
DA:236,1
DA:237,1
DA:238,1
DA:239,1
DA:240,1
DA:241,1
DA:242,1
DA:243,0
DA:244,1
DA:245,0
DA:246,0
DA:247,0
DA:248,0
DA:249,0
DA:250,0
DA:251,1
DA:252,1
DA:253,1
DA:254,1
DA:255,1
DA:256,1
DA:257,0
DA:258,0
DA:259,0
DA:260,0
DA:261,0
DA:262,1
DA:263,1
DA:264,1
DA:265,1
DA:266,1
DA:267,1
DA:268,1
DA:269,1
DA:270,1
DA:271,1
DA:272,1
DA:273,1
DA:274,1
DA:275,1
DA:276,1
DA:277,1
DA:278,1
DA:279,1
LF:279
LH:189
BRDA:1,0,0,1
BRDA:1,1,0,1
BRDA:79,2,0,0
BRDA:12,3,0,10
BRDA:16,4,0,1
BRDA:17,5,0,2
BRDA:21,6,0,10
BRDA:28,7,0,3
BRDA:30,8,0,166
BRDA:33,9,0,161
BRDA:38,10,0,161
BRDA:40,11,0,2
BRDA:51,12,0,9
BRDA:58,13,0,0
BRDA:61,14,0,2
BRDA:63,15,0,7
BRDA:61,16,0,1
BRDA:67,17,0,1
BRDA:67,18,0,1
BRDA:81,19,0,1
BRDA:93,20,0,1
BRDA:94,21,0,1
BRDA:95,22,0,1
BRDA:102,23,0,0
BRDA:108,24,0,0
BRDA:116,25,0,0
BRDA:120,26,0,0
BRDA:126,27,0,0
BRDA:127,28,0,0
BRDA:133,29,0,0
BRDA:144,30,0,0
BRDA:188,31,0,0
BRDA:190,32,0,0
BRDA:220,33,0,0
BRDA:114,34,0,1
BRDA:224,35,0,1
BRDA:228,36,0,0
BRDA:233,37,0,0
BRDA:238,38,0,0
BRDA:243,39,0,0
BRDA:244,40,0,0
BRDA:255,41,0,0
BRDA:228,42,0,27
BRF:43
BRH:24
end_of_record
TN:
SF:src/common/http/user_agent.ts
FN:1,Object.<anonymous>
FN:6,__markAsModule
FN:9,__export
FN:9,__reExport
FN:12,get
FN:16,default
FN:16,getRandomUserAgent
FN:16,getRandomUserAgent
FNF:8
FNH:7
FNDA:1,Object.<anonymous>
FNDA:1,__markAsModule
FNDA:1,__export
FNDA:1,__reExport
FNDA:1,get
FNDA:1,default
FNDA:0,getRandomUserAgent
FNDA:1,getRandomUserAgent
DA:1,1
DA:2,1
DA:3,1
DA:4,1
DA:5,1
DA:6,1
DA:7,1
DA:8,1
DA:9,1
DA:10,1
DA:11,1
DA:12,2
DA:13,1
DA:14,1
DA:15,1
DA:16,1
DA:17,1
DA:18,1
DA:19,1
DA:20,1
DA:21,1
DA:22,1
DA:23,1
DA:24,1
DA:25,1
DA:26,1
DA:27,1
DA:28,1
DA:29,1
DA:30,1
DA:31,1
DA:32,1
DA:33,1
DA:34,1
DA:35,1
DA:36,1
DA:37,1
DA:38,1
DA:39,1
DA:40,1
DA:41,1
LF:41
LH:41
BRDA:1,0,0,1
BRDA:1,1,0,1
BRDA:15,2,0,0
BRDA:6,3,0,1
BRDA:9,4,0,1
BRDA:9,5,0,2
BRDA:9,6,0,1
BRDA:10,7,0,0
BRDA:11,8,0,2
BRDA:12,9,0,0
BRDA:12,10,0,1
BRDA:13,11,0,1
BRDA:13,12,0,1
BRDA:16,13,0,1
BRDA:16,14,0,1
BRF:15
BRH:12
end_of_record
TN:
SF:src/modules/login.ts
FN:1,Object.<anonymous>
FN:15,__markAsModule
FN:20,__export
FN:26,__reExport
FN:45,get
FN:51,__toESM
FN:62,get
FN:85,login
FN:89,email
FN:142,cellphone
FNF:10
FNH:8
FNDA:1,Object.<anonymous>
FNDA:2,__markAsModule
FNDA:1,__export
FNDA:2,__reExport
FNDA:1,get
FNDA:1,__toESM
FNDA:0,get
FNDA:1,login
FNDA:0,email
FNDA:1,cellphone
DA:1,1
DA:2,1
DA:3,1
DA:4,1
DA:5,1
DA:6,1
DA:7,1
DA:8,1
DA:9,1
DA:10,1
DA:11,1
DA:12,1
DA:13,1
DA:14,1
DA:15,1
DA:16,2
DA:17,2
DA:18,2
DA:19,2
DA:20,1
DA:21,1
DA:22,1
DA:23,1
DA:24,1
DA:25,1
DA:26,1
DA:27,2
DA:28,2
DA:29,2
DA:30,2
DA:31,2
DA:32,2
DA:33,0
DA:34,2
DA:35,2
DA:36,2
DA:37,2
DA:38,72
DA:39,72
DA:40,72
DA:41,72
DA:42,72
DA:43,72
DA:44,72
DA:45,72
DA:46,72
DA:47,72
DA:48,72
DA:49,2
DA:50,2
DA:51,1
DA:52,1
DA:53,1
DA:54,1
DA:55,1
DA:56,1
DA:57,0
DA:58,0
DA:59,1
DA:60,1
DA:61,1
DA:62,1
DA:63,1
DA:64,1
DA:65,1
DA:66,1
DA:67,1
DA:68,1
DA:69,1
DA:70,1
DA:71,1
DA:72,1
DA:73,1
DA:74,1
DA:75,1
DA:76,1
DA:77,1
DA:78,1
DA:79,1
DA:80,1
DA:81,1
DA:82,1
DA:83,1
DA:84,1
DA:85,1
DA:86,1
DA:87,1
DA:88,1
DA:89,1
DA:90,0
DA:91,0
DA:92,0
DA:93,0
DA:94,0
DA:95,0
DA:96,0
DA:97,0
DA:98,0
DA:99,0
DA:100,0
DA:101,0
DA:102,0
DA:103,0
DA:104,0
DA:105,0
DA:106,0
DA:107,0
DA:108,0
DA:109,0
DA:110,0
DA:111,0
DA:112,0
DA:113,0
DA:114,0
DA:115,0
DA:116,0
DA:117,0
DA:118,0
DA:119,0
DA:120,0
DA:121,0
DA:122,0
DA:123,0
DA:124,0
DA:125,0
DA:126,0
DA:127,0
DA:128,0
DA:129,0
DA:130,0
DA:131,0
DA:132,0
DA:133,0
DA:134,0
DA:135,0
DA:136,0
DA:137,0
DA:138,0
DA:139,0
DA:140,0
DA:141,0
DA:142,1
DA:143,1
DA:144,1
DA:145,1
DA:146,1
DA:147,1
DA:148,1
DA:149,1
DA:150,1
DA:151,1
DA:152,1
DA:153,1
DA:154,1
DA:155,1
DA:156,1
DA:157,1
DA:158,1
DA:159,1
DA:160,1
DA:161,1
DA:162,1
DA:163,1
DA:164,1
DA:165,1
DA:166,1
DA:167,1
DA:168,1
DA:169,1
DA:170,1
DA:171,1
DA:172,1
DA:173,1
DA:174,1
DA:175,1
DA:176,1
DA:177,1
DA:178,1
DA:179,1
DA:180,1
DA:181,1
DA:182,1
DA:183,1
DA:184,1
DA:185,1
DA:186,1
DA:187,0
DA:188,0
DA:189,0
DA:190,0
DA:191,0
DA:192,0
DA:193,0
DA:194,0
DA:195,0
DA:196,0
DA:197,0
DA:198,0
DA:199,0
DA:200,0
DA:201,1
DA:202,1
DA:203,1
DA:204,1
DA:205,1
DA:206,1
DA:207,1
DA:208,1
DA:209,1
DA:210,1
DA:211,1
DA:212,1
DA:213,1
DA:214,1
DA:215,1
DA:216,1
DA:217,1
DA:218,1
DA:219,1
DA:220,1
DA:221,1
LF:221
LH:152
BRDA:1,0,0,1
BRDA:1,1,0,1
BRDA:82,2,0,0
BRDA:15,3,0,2
BRDA:20,4,0,1
BRDA:26,5,0,2
BRDA:32,6,0,0
BRDA:37,7,0,72
BRDA:41,8,0,71
BRDA:45,9,0,1
BRDA:51,10,0,1
BRDA:56,11,0,0
BRDA:71,12,0,1
BRDA:85,13,0,1
BRDA:142,14,0,1
BRDA:149,15,0,0
BRDA:155,16,0,0
BRDA:161,17,0,0
BRDA:164,18,0,0
BRDA:165,19,0,0
BRDA:186,20,0,0
BRF:21
BRH:12
end_of_record
